#
# There is insufficient memory for the Java Runtime Environment to continue.
# Native memory allocation (malloc) failed to allocate 32744 bytes for ChunkPool::allocate
# Possible reasons:
#   The system is out of physical RAM or swap space
#   The process is running with CompressedOops enabled, and the Java Heap may be blocking the growth of the native heap
# Possible solutions:
#   Reduce memory load on the system
#   Increase physical memory or swap space
#   Check if swap backing store is full
#   Decrease Java heap size (-Xmx/-Xms)
#   Decrease number of Java threads
#   Decrease Java thread stack sizes (-Xss)
#   Set larger code cache with -XX:ReservedCodeCacheSize=
#   JVM is running with Unscaled Compressed Oops mode in which the Java heap is
#     placed in the first 4GB address space. The Java Heap base address is the
#     maximum limit for the native heap growth. Please use -XX:HeapBaseMinAddress
#     to set the Java Heap base and to place the Java Heap above 4GB virtual address.
# This output file may be truncated or incomplete.
#
#  Out of Memory Error (t:/workspace/open/src/hotspot/share/memory/arena.cpp:81), pid=8728, tid=16616
#
# JRE version: Java(TM) SE Runtime Environment (12.0.2+10) (build 12.0.2+10)
# Java VM: Java HotSpot(TM) 64-Bit Server VM (12.0.2+10, mixed mode, sharing, tiered, compressed oops, g1 gc, windows-amd64)
# No core dump will be written. Minidumps are not enabled by default on client versions of Windows
#

---------------  S U M M A R Y ------------

Command Line: --add-opens=java.base/java.util=ALL-UNNAMED --add-opens=java.base/java.lang=ALL-UNNAMED --add-opens=java.base/java.lang.invoke=ALL-UNNAMED --add-opens=java.prefs/java.util.prefs=ALL-UNNAMED -XX:MaxMetaspaceSize=256m -XX:+HeapDumpOnOutOfMemoryError -Xms256m -Xmx512m -Dfile.encoding=windows-1252 -Duser.country=CO -Duser.language=es -Duser.variant org.gradle.launcher.daemon.bootstrap.GradleDaemon 6.0.1

Host: AMD Ryzen 3 2200U with Radeon Vega Mobile Gfx  , 4 cores, 6G,  Windows 10 , 64 bit Build 18362 (10.0.18362.900)
Time: Fri Jun 26 20:13:04 2020 Hora est. Pacífico, Sudamérica elapsed time: 2348 seconds (0d 0h 39m 8s)

---------------  T H R E A D  ---------------

Current thread (0x00000258923d0800):  JavaThread "C2 CompilerThread1" daemon [_thread_in_native, id=16616, stack(0x000000df60200000,0x000000df60300000)]


Current CompileTask:
C2:2348038 18599   !   4       com.sun.crypto.provider.GaloisCounterMode::decryptFinal (304 bytes)

Stack: [0x000000df60200000,0x000000df60300000]
Native frames: (J=compiled Java code, j=interpreted, Vv=VM code, C=native code)
V  [jvm.dll+0x63aa2a]
V  [jvm.dll+0x78ce1e]
V  [jvm.dll+0x78e4c1]
V  [jvm.dll+0x78eb13]
V  [jvm.dll+0x2627e8]
V  [jvm.dll+0xc57f6]
V  [jvm.dll+0xc5b4c]
V  [jvm.dll+0xc56b0]
V  [jvm.dll+0x61b7bf]
V  [jvm.dll+0x66e65e]
V  [jvm.dll+0x1af39c]
V  [jvm.dll+0x21c312]
V  [jvm.dll+0x21b3da]
V  [jvm.dll+0x199a20]
V  [jvm.dll+0x22a744]
V  [jvm.dll+0x228d98]
V  [jvm.dll+0x7512a0]
V  [jvm.dll+0x74a2c8]
V  [jvm.dll+0x639b16]
C  [ucrtbase.dll+0x20e82]
C  [KERNEL32.DLL+0x17bd4]
C  [ntdll.dll+0x6ce51]


---------------  P R O C E S S  ---------------

Threads class SMR info:
_java_thread_list=0x0000025893f856f0, length=41, elements={
0x00000258ef3bb800, 0x00000258faf9d000, 0x00000258faf9f000, 0x00000258fafc2000,
0x00000258fafc4000, 0x00000258fafc5800, 0x00000258fafc9000, 0x00000258fafd6000,
0x00000258fba37800, 0x00000258fba5c800, 0x00000258fc9d4000, 0x00000258fc27e000,
0x00000258fc27c800, 0x00000258fc457800, 0x00000258fc456800, 0x00000258fc458800,
0x000002588f805000, 0x000002588f803800, 0x000002588f80f000, 0x0000025892bb8000,
0x0000025892bb2800, 0x0000025892bbb800, 0x0000025892bbc000, 0x0000025892bbd000,
0x000002588f806000, 0x000002588f806800, 0x000002588f802000, 0x000002588f807800,
0x000002588f808800, 0x000002588f802800, 0x000002588f80c800, 0x000002588f809000,
0x000002588f80b000, 0x000002588f80b800, 0x000002588f80a000, 0x000002588f810800,
0x000002588f80d800, 0x000002588f80e000, 0x0000025892bb1800, 0x0000025892bb3000,
0x00000258923d0800
}

Java Threads: ( => current thread )
  0x00000258ef3bb800 JavaThread "main" [_thread_blocked, id=17340, stack(0x000000df5d100000,0x000000df5d200000)]
  0x00000258faf9d000 JavaThread "Reference Handler" daemon [_thread_blocked, id=22788, stack(0x000000df5d800000,0x000000df5d900000)]
  0x00000258faf9f000 JavaThread "Finalizer" daemon [_thread_blocked, id=22304, stack(0x000000df5d900000,0x000000df5da00000)]
  0x00000258fafc2000 JavaThread "Signal Dispatcher" daemon [_thread_blocked, id=26108, stack(0x000000df5da00000,0x000000df5db00000)]
  0x00000258fafc4000 JavaThread "Attach Listener" daemon [_thread_blocked, id=17912, stack(0x000000df5db00000,0x000000df5dc00000)]
  0x00000258fafc5800 JavaThread "C2 CompilerThread0" daemon [_thread_in_native, id=14620, stack(0x000000df5dc00000,0x000000df5dd00000)]
  0x00000258fafc9000 JavaThread "C1 CompilerThread0" daemon [_thread_blocked, id=25344, stack(0x000000df5dd00000,0x000000df5de00000)]
  0x00000258fafd6000 JavaThread "Sweeper thread" daemon [_thread_blocked, id=12184, stack(0x000000df5de00000,0x000000df5df00000)]
  0x00000258fba37800 JavaThread "Common-Cleaner" daemon [_thread_blocked, id=14280, stack(0x000000df5df00000,0x000000df5e000000)]
  0x00000258fba5c800 JavaThread "Service Thread" daemon [_thread_blocked, id=3792, stack(0x000000df5e000000,0x000000df5e100000)]
  0x00000258fc9d4000 JavaThread "Daemon health stats" [_thread_blocked, id=26792, stack(0x000000df5e200000,0x000000df5e300000)]
  0x00000258fc27e000 JavaThread "Incoming local TCP Connector on port 28047" [_thread_in_native, id=11660, stack(0x000000df5e700000,0x000000df5e800000)]
  0x00000258fc27c800 JavaThread "Daemon periodic checks" [_thread_blocked, id=27100, stack(0x000000df5e800000,0x000000df5e900000)]
  0x00000258fc457800 JavaThread "Cache worker for file hash cache (C:\Users\mejia\.gradle\caches\6.0.1\fileHashes)" [_thread_blocked, id=10800, stack(0x000000df5f000000,0x000000df5f100000)]
  0x00000258fc456800 JavaThread "File lock request listener" [_thread_in_native, id=9320, stack(0x000000df5f100000,0x000000df5f200000)]
  0x00000258fc458800 JavaThread "Cache worker for journal cache (C:\Users\mejia\.gradle\caches\journal-1)" [_thread_blocked, id=11708, stack(0x000000df5f200000,0x000000df5f300000)]
  0x000002588f805000 JavaThread "Cache worker for execution history cache (C:\Users\mejia\.gradle\caches\6.0.1\executionHistory)" [_thread_blocked, id=21372, stack(0x000000df5f800000,0x000000df5f900000)]
  0x000002588f803800 JavaThread "Memory manager" [_thread_blocked, id=26884, stack(0x000000df5cf00000,0x000000df5d000000)]
  0x000002588f80f000 JavaThread "Cache worker for file content cache (C:\Users\mejia\.gradle\caches\6.0.1\fileContent)" [_thread_blocked, id=27296, stack(0x000000df5d000000,0x000000df5d100000)]
  0x0000025892bb8000 JavaThread "Monitor" [_thread_in_native, id=25860, stack(0x000000df61200000,0x000000df61300000)]
  0x0000025892bb2800 JavaThread "Device List Monitor" [_thread_in_native, id=17432, stack(0x000000df60700000,0x000000df60800000)]
  0x0000025892bbb800 JavaThread "Java2D Disposer" daemon [_thread_blocked, id=13532, stack(0x000000df61600000,0x000000df61700000)]
  0x0000025892bbc000 JavaThread "AWT-Windows" daemon [_thread_in_native, id=21812, stack(0x000000df61800000,0x000000df61900000)]
  0x0000025892bbd000 JavaThread "ForkJoinPool.commonPool-worker-3" daemon [_thread_blocked, id=14668, stack(0x000000df5f400000,0x000000df5f500000)]
  0x000002588f806000 JavaThread "Daemon Thread 3" [_thread_blocked, id=5380, stack(0x000000df5e900000,0x000000df5ea00000)]
  0x000002588f806800 JavaThread "Handler for socket connection from /127.0.0.1:28047 to /127.0.0.1:28366" [_thread_in_native, id=10084, stack(0x000000df5ea00000,0x000000df5eb00000)]
  0x000002588f802000 JavaThread "Cancel handler" [_thread_blocked, id=21104, stack(0x000000df5eb00000,0x000000df5ec00000)]
  0x000002588f807800 JavaThread "Daemon worker Thread 3" [_thread_in_native, id=15636, stack(0x000000df5ec00000,0x000000df5ed00000)]
  0x000002588f808800 JavaThread "Asynchronous log dispatcher for DefaultDaemonConnection: socket connection from /127.0.0.1:28047 to /127.0.0.1:28366" [_thread_blocked, id=20472, stack(0x000000df5ed00000,0x000000df5ee00000)]
  0x000002588f802800 JavaThread "Stdin handler" [_thread_blocked, id=20572, stack(0x000000df5ee00000,0x000000df5ef00000)]
  0x000002588f80c800 JavaThread "Thread-60" [_thread_blocked, id=13604, stack(0x000000df5ef00000,0x000000df5f000000)]
  0x000002588f809000 JavaThread "Cache worker for file hash cache (C:\Users\mejia\Documents\RNProjects\palmercao\android\.gradle\6.0.1\fileHashes)" [_thread_blocked, id=26968, stack(0x000000df5f300000,0x000000df5f400000)]
  0x000002588f80b000 JavaThread "Cache worker for cache directory md-supplier (C:\Users\mejia\.gradle\caches\6.0.1\md-supplier)" [_thread_blocked, id=23540, stack(0x000000df5f500000,0x000000df5f600000)]
  0x000002588f80b800 JavaThread "Cache worker for cache directory md-rule (C:\Users\mejia\.gradle\caches\6.0.1\md-rule)" [_thread_blocked, id=892, stack(0x000000df5f600000,0x000000df5f700000)]
  0x000002588f80a000 JavaThread "Build operations" [_thread_in_native, id=23116, stack(0x000000df5f900000,0x000000df5fa00000)]
  0x000002588f810800 JavaThread "Build operations Thread 2" [_thread_in_native, id=24084, stack(0x000000df5fa00000,0x000000df5fb00000)]
  0x000002588f80d800 JavaThread "Build operations Thread 3" [_thread_blocked, id=17756, stack(0x000000df5fb00000,0x000000df5fc00000)]
  0x000002588f80e000 JavaThread "Build operations Thread 4" [_thread_in_native, id=21852, stack(0x000000df5fc00000,0x000000df5fd00000)]
  0x0000025892bb1800 JavaThread "pool-5-thread-1" [_thread_blocked, id=24740, stack(0x000000df5f700000,0x000000df5f800000)]
  0x0000025892bb3000 JavaThread "Cache worker for Build Output Cleanup Cache (C:\Users\mejia\Documents\RNProjects\palmercao\android\.gradle\buildOutputCleanup)" [_thread_blocked, id=21844, stack(0x000000df5fd00000,0x000000df5fe00000)]
=>0x00000258923d0800 JavaThread "C2 CompilerThread1" daemon [_thread_in_native, id=16616, stack(0x000000df60200000,0x000000df60300000)]

Other Threads:
  0x00000258faf97800 VMThread "VM Thread" [stack: 0x000000df5d700000,0x000000df5d800000] [id=23108]
  0x00000258fba4c000 WatcherThread [stack: 0x000000df5e100000,0x000000df5e200000] [id=22180]
  0x00000258ef3e0000 GCTaskThread "GC Thread#0" [stack: 0x000000df5d200000,0x000000df5d300000] [id=13184]
  0x00000258fbd07800 GCTaskThread "GC Thread#1" [stack: 0x000000df5e300000,0x000000df5e400000] [id=12424]
  0x00000258fbdf1800 GCTaskThread "GC Thread#2" [stack: 0x000000df5e400000,0x000000df5e500000] [id=27280]
  0x00000258fbe97800 GCTaskThread "GC Thread#3" [stack: 0x000000df5e500000,0x000000df5e600000] [id=9188]
  0x00000258ef3e4800 ConcurrentGCThread "G1 Main Marker" [stack: 0x000000df5d300000,0x000000df5d400000] [id=5808]
  0x00000258ef3e6000 ConcurrentGCThread "G1 Conc#0" [stack: 0x000000df5d400000,0x000000df5d500000] [id=12748]
  0x00000258fae46800 ConcurrentGCThread "G1 Refine#0" [stack: 0x000000df5d500000,0x000000df5d600000] [id=10528]
  0x00000258fbad0800 ConcurrentGCThread "G1 Refine#1" [stack: 0x000000df5e600000,0x000000df5e700000] [id=17300]
  0x00000258fe9b4800 ConcurrentGCThread "G1 Refine#2" [stack: 0x000000df5ce00000,0x000000df5cf00000] [id=10108]
  0x00000258fe9bb000 ConcurrentGCThread "G1 Refine#3" [stack: 0x000000df60400000,0x000000df60500000] [id=15988]
  0x00000258fae47800 ConcurrentGCThread "G1 Young RemSet Sampling" [stack: 0x000000df5d600000,0x000000df5d700000] [id=15672]

Threads with active compile tasks:
C2 CompilerThread0  18489       4       org.gradle.api.internal.artifacts.ivyservice.resolveengine.graph.builder.DependencyGraphBuilder::resolveEdges (43 bytes)
C2 CompilerThread1  18599   !   4       com.sun.crypto.provider.GaloisCounterMode::decryptFinal (304 bytes)

VM state:not at safepoint (normal execution)

VM Mutex/Monitor currently owned by a thread: None

Heap address: 0x00000000e0000000, size: 512 MB, Compressed Oops mode: 32-bit
Narrow klass base: 0x0000000800000000, Narrow klass shift: 3
Compressed class space size: 260046848 Address: 0x0000000801190000

Heap:
 garbage-first heap   total 270336K, used 190396K [0x00000000e0000000, 0x0000000100000000)
  region size 1024K, 62 young (63488K), 2 survivors (2048K)
 Metaspace       used 92129K, capacity 96382K, committed 96512K, reserved 337920K
  class space    used 11576K, capacity 12974K, committed 13056K, reserved 253952K
Heap Regions: E=young(eden), S=young(survivor), O=old, HS=humongous(starts), HC=humongous(continues), CS=collection set, F=free, A=archive, TAMS=top-at-mark-start (previous, next)
|   0|0x00000000e0000000, 0x00000000e0100000, 0x00000000e0100000|100%| O|  |TAMS 0x00000000e0100000, 0x00000000e0000000| Untracked 
|   1|0x00000000e0100000, 0x00000000e0200000, 0x00000000e0200000|100%| O|  |TAMS 0x00000000e0200000, 0x00000000e0100000| Untracked 
|   2|0x00000000e0200000, 0x00000000e0300000, 0x00000000e0300000|100%| O|  |TAMS 0x00000000e0300000, 0x00000000e0200000| Untracked 
|   3|0x00000000e0300000, 0x00000000e0400000, 0x00000000e0400000|100%|HS|  |TAMS 0x00000000e0400000, 0x00000000e0300000| Complete 
|   4|0x00000000e0400000, 0x00000000e0500000, 0x00000000e0500000|100%|HC|  |TAMS 0x00000000e0500000, 0x00000000e0400000| Complete 
|   5|0x00000000e0500000, 0x00000000e0600000, 0x00000000e0600000|100%|HC|  |TAMS 0x00000000e0600000, 0x00000000e0500000| Complete 
|   6|0x00000000e0600000, 0x00000000e0600000, 0x00000000e0700000|  0%| F|  |TAMS 0x00000000e0600000, 0x00000000e0600000| Untracked 
|   7|0x00000000e0700000, 0x00000000e0800000, 0x00000000e0800000|100%| O|  |TAMS 0x00000000e0800000, 0x00000000e0700000| Untracked 
|   8|0x00000000e0800000, 0x00000000e0900000, 0x00000000e0900000|100%| O|  |TAMS 0x00000000e0900000, 0x00000000e0800000| Untracked 
|   9|0x00000000e0900000, 0x00000000e0a00000, 0x00000000e0a00000|100%| O|  |TAMS 0x00000000e0a00000, 0x00000000e0900000| Untracked 
|  10|0x00000000e0a00000, 0x00000000e0b00000, 0x00000000e0b00000|100%| O|  |TAMS 0x00000000e0b00000, 0x00000000e0a00000| Untracked 
|  11|0x00000000e0b00000, 0x00000000e0c00000, 0x00000000e0c00000|100%| O|  |TAMS 0x00000000e0c00000, 0x00000000e0b00000| Untracked 
|  12|0x00000000e0c00000, 0x00000000e0d00000, 0x00000000e0d00000|100%| O|  |TAMS 0x00000000e0d00000, 0x00000000e0c00000| Untracked 
|  13|0x00000000e0d00000, 0x00000000e0e00000, 0x00000000e0e00000|100%| O|  |TAMS 0x00000000e0e00000, 0x00000000e0d00000| Untracked 
|  14|0x00000000e0e00000, 0x00000000e0f00000, 0x00000000e0f00000|100%| O|  |TAMS 0x00000000e0f00000, 0x00000000e0e00000| Untracked 
|  15|0x00000000e0f00000, 0x00000000e1000000, 0x00000000e1000000|100%| O|  |TAMS 0x00000000e1000000, 0x00000000e0f00000| Untracked 
|  16|0x00000000e1000000, 0x00000000e1100000, 0x00000000e1100000|100%| O|  |TAMS 0x00000000e1100000, 0x00000000e1000000| Untracked 
|  17|0x00000000e1100000, 0x00000000e1200000, 0x00000000e1200000|100%| O|  |TAMS 0x00000000e1200000, 0x00000000e1100000| Untracked 
|  18|0x00000000e1200000, 0x00000000e1300000, 0x00000000e1300000|100%| O|  |TAMS 0x00000000e1300000, 0x00000000e1200000| Untracked 
|  19|0x00000000e1300000, 0x00000000e1400000, 0x00000000e1400000|100%|HS|  |TAMS 0x00000000e1400000, 0x00000000e1300000| Complete 
|  20|0x00000000e1400000, 0x00000000e1500000, 0x00000000e1500000|100%|HC|  |TAMS 0x00000000e1500000, 0x00000000e1400000| Complete 
|  21|0x00000000e1500000, 0x00000000e1600000, 0x00000000e1600000|100%| O|  |TAMS 0x00000000e1600000, 0x00000000e1500000| Untracked 
|  22|0x00000000e1600000, 0x00000000e1700000, 0x00000000e1700000|100%| O|  |TAMS 0x00000000e1700000, 0x00000000e1600000| Untracked 
|  23|0x00000000e1700000, 0x00000000e1800000, 0x00000000e1800000|100%| O|  |TAMS 0x00000000e1800000, 0x00000000e1700000| Untracked 
|  24|0x00000000e1800000, 0x00000000e1900000, 0x00000000e1900000|100%| O|  |TAMS 0x00000000e1900000, 0x00000000e1800000| Untracked 
|  25|0x00000000e1900000, 0x00000000e1a00000, 0x00000000e1a00000|100%| O|  |TAMS 0x00000000e1a00000, 0x00000000e1900000| Untracked 
|  26|0x00000000e1a00000, 0x00000000e1b00000, 0x00000000e1b00000|100%| O|  |TAMS 0x00000000e1b00000, 0x00000000e1a00000| Untracked 
|  27|0x00000000e1b00000, 0x00000000e1c00000, 0x00000000e1c00000|100%| O|  |TAMS 0x00000000e1c00000, 0x00000000e1b00000| Untracked 
|  28|0x00000000e1c00000, 0x00000000e1d00000, 0x00000000e1d00000|100%| O|  |TAMS 0x00000000e1d00000, 0x00000000e1c00000| Untracked 
|  29|0x00000000e1d00000, 0x00000000e1e00000, 0x00000000e1e00000|100%| O|  |TAMS 0x00000000e1e00000, 0x00000000e1d00000| Untracked 
|  30|0x00000000e1e00000, 0x00000000e1f00000, 0x00000000e1f00000|100%| O|  |TAMS 0x00000000e1f00000, 0x00000000e1e00000| Untracked 
|  31|0x00000000e1f00000, 0x00000000e2000000, 0x00000000e2000000|100%| O|  |TAMS 0x00000000e2000000, 0x00000000e1f00000| Untracked 
|  32|0x00000000e2000000, 0x00000000e2000000, 0x00000000e2100000|  0%| F|  |TAMS 0x00000000e2000000, 0x00000000e2000000| Untracked 
|  33|0x00000000e2100000, 0x00000000e2200000, 0x00000000e2200000|100%| O|  |TAMS 0x00000000e2100000, 0x00000000e2100000| Untracked 
|  34|0x00000000e2200000, 0x00000000e2300000, 0x00000000e2300000|100%| O|  |TAMS 0x00000000e2200000, 0x00000000e2200000| Untracked 
|  35|0x00000000e2300000, 0x00000000e2400000, 0x00000000e2400000|100%| O|  |TAMS 0x00000000e2400000, 0x00000000e2300000| Untracked 
|  36|0x00000000e2400000, 0x00000000e2500000, 0x00000000e2500000|100%| O|  |TAMS 0x00000000e2500000, 0x00000000e2400000| Untracked 
|  37|0x00000000e2500000, 0x00000000e2600000, 0x00000000e2600000|100%| O|  |TAMS 0x00000000e2600000, 0x00000000e2500000| Untracked 
|  38|0x00000000e2600000, 0x00000000e2700000, 0x00000000e2700000|100%|HS|  |TAMS 0x00000000e2700000, 0x00000000e2600000| Complete 
|  39|0x00000000e2700000, 0x00000000e2800000, 0x00000000e2800000|100%|HC|  |TAMS 0x00000000e2800000, 0x00000000e2700000| Complete 
|  40|0x00000000e2800000, 0x00000000e2900000, 0x00000000e2900000|100%|HC|  |TAMS 0x00000000e2900000, 0x00000000e2800000| Complete 
|  41|0x00000000e2900000, 0x00000000e2a00000, 0x00000000e2a00000|100%|HS|  |TAMS 0x00000000e2a00000, 0x00000000e2900000| Complete 
|  42|0x00000000e2a00000, 0x00000000e2b00000, 0x00000000e2b00000|100%|HC|  |TAMS 0x00000000e2b00000, 0x00000000e2a00000| Complete 
|  43|0x00000000e2b00000, 0x00000000e2c00000, 0x00000000e2c00000|100%|HC|  |TAMS 0x00000000e2c00000, 0x00000000e2b00000| Complete 
|  44|0x00000000e2c00000, 0x00000000e2d00000, 0x00000000e2d00000|100%| O|  |TAMS 0x00000000e2d00000, 0x00000000e2c00000| Untracked 
|  45|0x00000000e2d00000, 0x00000000e2e00000, 0x00000000e2e00000|100%| O|  |TAMS 0x00000000e2e00000, 0x00000000e2d00000| Untracked 
|  46|0x00000000e2e00000, 0x00000000e2f00000, 0x00000000e2f00000|100%| O|  |TAMS 0x00000000e2f00000, 0x00000000e2e00000| Untracked 
|  47|0x00000000e2f00000, 0x00000000e3000000, 0x00000000e3000000|100%| O|  |TAMS 0x00000000e3000000, 0x00000000e2f00000| Untracked 
|  48|0x00000000e3000000, 0x00000000e3100000, 0x00000000e3100000|100%| O|  |TAMS 0x00000000e3100000, 0x00000000e3000000| Untracked 
|  49|0x00000000e3100000, 0x00000000e3200000, 0x00000000e3200000|100%| O|  |TAMS 0x00000000e3200000, 0x00000000e3100000| Untracked 
|  50|0x00000000e3200000, 0x00000000e3200000, 0x00000000e3300000|  0%| F|  |TAMS 0x00000000e3200000, 0x00000000e3200000| Untracked 
|  51|0x00000000e3300000, 0x00000000e3400000, 0x00000000e3400000|100%| O|  |TAMS 0x00000000e3400000, 0x00000000e3300000| Untracked 
|  52|0x00000000e3400000, 0x00000000e3500000, 0x00000000e3500000|100%| O|  |TAMS 0x00000000e3400000, 0x00000000e3400000| Untracked 
|  53|0x00000000e3500000, 0x00000000e3600000, 0x00000000e3600000|100%| O|  |TAMS 0x00000000e3600000, 0x00000000e3500000| Untracked 
|  54|0x00000000e3600000, 0x00000000e3700000, 0x00000000e3700000|100%| O|  |TAMS 0x00000000e3600000, 0x00000000e3600000| Untracked 
|  55|0x00000000e3700000, 0x00000000e3800000, 0x00000000e3800000|100%| O|  |TAMS 0x00000000e3800000, 0x00000000e3700000| Untracked 
|  56|0x00000000e3800000, 0x00000000e3800000, 0x00000000e3900000|  0%| F|  |TAMS 0x00000000e3800000, 0x00000000e3800000| Untracked 
|  57|0x00000000e3900000, 0x00000000e3a00000, 0x00000000e3a00000|100%| O|  |TAMS 0x00000000e3900000, 0x00000000e3900000| Untracked 
|  58|0x00000000e3a00000, 0x00000000e3a00000, 0x00000000e3b00000|  0%| F|  |TAMS 0x00000000e3a00000, 0x00000000e3a00000| Untracked 
|  59|0x00000000e3b00000, 0x00000000e3c00000, 0x00000000e3c00000|100%| O|  |TAMS 0x00000000e3b00000, 0x00000000e3b00000| Untracked 
|  60|0x00000000e3c00000, 0x00000000e3d00000, 0x00000000e3d00000|100%| O|  |TAMS 0x00000000e3d00000, 0x00000000e3c00000| Untracked 
|  61|0x00000000e3d00000, 0x00000000e3e00000, 0x00000000e3e00000|100%| O|  |TAMS 0x00000000e3e00000, 0x00000000e3d00000| Untracked 
|  62|0x00000000e3e00000, 0x00000000e3f00000, 0x00000000e3f00000|100%| O|  |TAMS 0x00000000e3f00000, 0x00000000e3e00000| Untracked 
|  63|0x00000000e3f00000, 0x00000000e4000000, 0x00000000e4000000|100%| O|  |TAMS 0x00000000e4000000, 0x00000000e3f00000| Untracked 
|  64|0x00000000e4000000, 0x00000000e4100000, 0x00000000e4100000|100%| O|  |TAMS 0x00000000e4100000, 0x00000000e4000000| Untracked 
|  65|0x00000000e4100000, 0x00000000e4200000, 0x00000000e4200000|100%| O|  |TAMS 0x00000000e4200000, 0x00000000e4100000| Untracked 
|  66|0x00000000e4200000, 0x00000000e4300000, 0x00000000e4300000|100%| O|  |TAMS 0x00000000e4200000, 0x00000000e4200000| Untracked 
|  67|0x00000000e4300000, 0x00000000e4300000, 0x00000000e4400000|  0%| F|  |TAMS 0x00000000e4300000, 0x00000000e4300000| Untracked 
|  68|0x00000000e4400000, 0x00000000e4500000, 0x00000000e4500000|100%| O|  |TAMS 0x00000000e4500000, 0x00000000e4400000| Untracked 
|  69|0x00000000e4500000, 0x00000000e4600000, 0x00000000e4600000|100%| O|  |TAMS 0x00000000e4600000, 0x00000000e4500000| Untracked 
|  70|0x00000000e4600000, 0x00000000e4700000, 0x00000000e4700000|100%| O|  |TAMS 0x00000000e4700000, 0x00000000e4600000| Untracked 
|  71|0x00000000e4700000, 0x00000000e4800000, 0x00000000e4800000|100%| O|  |TAMS 0x00000000e4700000, 0x00000000e4700000| Untracked 
|  72|0x00000000e4800000, 0x00000000e4900000, 0x00000000e4900000|100%| O|  |TAMS 0x00000000e4800000, 0x00000000e4800000| Untracked 
|  73|0x00000000e4900000, 0x00000000e4a00000, 0x00000000e4a00000|100%| O|  |TAMS 0x00000000e4a00000, 0x00000000e4900000| Untracked 
|  74|0x00000000e4a00000, 0x00000000e4b00000, 0x00000000e4b00000|100%| O|  |TAMS 0x00000000e4b00000, 0x00000000e4a00000| Untracked 
|  75|0x00000000e4b00000, 0x00000000e4c00000, 0x00000000e4c00000|100%| O|  |TAMS 0x00000000e4b00000, 0x00000000e4b00000| Untracked 
|  76|0x00000000e4c00000, 0x00000000e4d00000, 0x00000000e4d00000|100%| O|  |TAMS 0x00000000e4d00000, 0x00000000e4c00000| Untracked 
|  77|0x00000000e4d00000, 0x00000000e4d00000, 0x00000000e4e00000|  0%| F|  |TAMS 0x00000000e4d00000, 0x00000000e4d00000| Untracked 
|  78|0x00000000e4e00000, 0x00000000e4f00000, 0x00000000e4f00000|100%| O|  |TAMS 0x00000000e4f00000, 0x00000000e4e00000| Untracked 
|  79|0x00000000e4f00000, 0x00000000e4f00000, 0x00000000e5000000|  0%| F|  |TAMS 0x00000000e4f00000, 0x00000000e4f00000| Untracked 
|  80|0x00000000e5000000, 0x00000000e5000000, 0x00000000e5100000|  0%| F|  |TAMS 0x00000000e5000000, 0x00000000e5000000| Untracked 
|  81|0x00000000e5100000, 0x00000000e5200000, 0x00000000e5200000|100%| O|  |TAMS 0x00000000e5200000, 0x00000000e5100000| Untracked 
|  82|0x00000000e5200000, 0x00000000e5300000, 0x00000000e5300000|100%| O|  |TAMS 0x00000000e5300000, 0x00000000e5200000| Untracked 
|  83|0x00000000e5300000, 0x00000000e5400000, 0x00000000e5400000|100%| O|  |TAMS 0x00000000e5400000, 0x00000000e5300000| Untracked 
|  84|0x00000000e5400000, 0x00000000e5500000, 0x00000000e5500000|100%| O|  |TAMS 0x00000000e5500000, 0x00000000e5400000| Untracked 
|  85|0x00000000e5500000, 0x00000000e5600000, 0x00000000e5600000|100%| O|  |TAMS 0x00000000e5600000, 0x00000000e5500000| Untracked 
|  86|0x00000000e5600000, 0x00000000e5700000, 0x00000000e5700000|100%| O|  |TAMS 0x00000000e56ee400, 0x00000000e5600000| Untracked 
|  87|0x00000000e5700000, 0x00000000e5800000, 0x00000000e5800000|100%| O|  |TAMS 0x00000000e5700000, 0x00000000e5700000| Untracked 
|  88|0x00000000e5800000, 0x00000000e5900000, 0x00000000e5900000|100%| O|  |TAMS 0x00000000e5800000, 0x00000000e5800000| Untracked 
|  89|0x00000000e5900000, 0x00000000e5a00000, 0x00000000e5a00000|100%| O|  |TAMS 0x00000000e5900000, 0x00000000e5900000| Untracked 
|  90|0x00000000e5a00000, 0x00000000e5b00000, 0x00000000e5b00000|100%| O|  |TAMS 0x00000000e5a00000, 0x00000000e5a00000| Untracked 
|  91|0x00000000e5b00000, 0x00000000e5c00000, 0x00000000e5c00000|100%| O|  |TAMS 0x00000000e5b00000, 0x00000000e5b00000| Untracked 
|  92|0x00000000e5c00000, 0x00000000e5d00000, 0x00000000e5d00000|100%| O|  |TAMS 0x00000000e5c00000, 0x00000000e5c00000| Untracked 
|  93|0x00000000e5d00000, 0x00000000e5e00000, 0x00000000e5e00000|100%| O|  |TAMS 0x00000000e5d00000, 0x00000000e5d00000| Untracked 
|  94|0x00000000e5e00000, 0x00000000e5f00000, 0x00000000e5f00000|100%| O|  |TAMS 0x00000000e5f00000, 0x00000000e5e00000| Untracked 
|  95|0x00000000e5f00000, 0x00000000e6000000, 0x00000000e6000000|100%| O|  |TAMS 0x00000000e5f00000, 0x00000000e5f00000| Untracked 
|  96|0x00000000e6000000, 0x00000000e6100000, 0x00000000e6100000|100%| O|  |TAMS 0x00000000e6000000, 0x00000000e6000000| Untracked 
|  97|0x00000000e6100000, 0x00000000e6200000, 0x00000000e6200000|100%| O|  |TAMS 0x00000000e6100000, 0x00000000e6100000| Untracked 
|  98|0x00000000e6200000, 0x00000000e628b400, 0x00000000e6300000| 54%| O|  |TAMS 0x00000000e6200000, 0x00000000e6200000| Untracked 
|  99|0x00000000e6300000, 0x00000000e6300000, 0x00000000e6400000|  0%| F|  |TAMS 0x00000000e6300000, 0x00000000e6300000| Untracked 
| 100|0x00000000e6400000, 0x00000000e6400000, 0x00000000e6500000|  0%| F|  |TAMS 0x00000000e6400000, 0x00000000e6400000| Untracked 
| 101|0x00000000e6500000, 0x00000000e6500000, 0x00000000e6600000|  0%| F|  |TAMS 0x00000000e6500000, 0x00000000e6500000| Untracked 
| 102|0x00000000e6600000, 0x00000000e6600000, 0x00000000e6700000|  0%| F|  |TAMS 0x00000000e6600000, 0x00000000e6600000| Untracked 
| 103|0x00000000e6700000, 0x00000000e6700000, 0x00000000e6800000|  0%| F|  |TAMS 0x00000000e6700000, 0x00000000e6700000| Untracked 
| 104|0x00000000e6800000, 0x00000000e6800000, 0x00000000e6900000|  0%| F|  |TAMS 0x00000000e6800000, 0x00000000e6800000| Untracked 
| 105|0x00000000e6900000, 0x00000000e6a00000, 0x00000000e6a00000|100%| O|  |TAMS 0x00000000e6a00000, 0x00000000e6900000| Untracked 
| 106|0x00000000e6a00000, 0x00000000e6a00000, 0x00000000e6b00000|  0%| F|  |TAMS 0x00000000e6a00000, 0x00000000e6a00000| Untracked 
| 107|0x00000000e6b00000, 0x00000000e6c00000, 0x00000000e6c00000|100%| O|  |TAMS 0x00000000e6c00000, 0x00000000e6b00000| Untracked 
| 108|0x00000000e6c00000, 0x00000000e6d00000, 0x00000000e6d00000|100%| O|  |TAMS 0x00000000e6d00000, 0x00000000e6c00000| Untracked 
| 109|0x00000000e6d00000, 0x00000000e6d00000, 0x00000000e6e00000|  0%| F|  |TAMS 0x00000000e6d00000, 0x00000000e6d00000| Untracked 
| 110|0x00000000e6e00000, 0x00000000e6e00000, 0x00000000e6f00000|  0%| F|  |TAMS 0x00000000e6e00000, 0x00000000e6e00000| Untracked 
| 111|0x00000000e6f00000, 0x00000000e6f00000, 0x00000000e7000000|  0%| F|  |TAMS 0x00000000e6f00000, 0x00000000e6f00000| Untracked 
| 112|0x00000000e7000000, 0x00000000e7100000, 0x00000000e7100000|100%| O|  |TAMS 0x00000000e7100000, 0x00000000e7000000| Untracked 
| 113|0x00000000e7100000, 0x00000000e7200000, 0x00000000e7200000|100%| O|  |TAMS 0x00000000e7200000, 0x00000000e7100000| Untracked 
| 114|0x00000000e7200000, 0x00000000e7300000, 0x00000000e7300000|100%| O|  |TAMS 0x00000000e7300000, 0x00000000e7200000| Untracked 
| 115|0x00000000e7300000, 0x00000000e7400000, 0x00000000e7400000|100%| O|  |TAMS 0x00000000e7400000, 0x00000000e7300000| Untracked 
| 116|0x00000000e7400000, 0x00000000e7500000, 0x00000000e7500000|100%| O|  |TAMS 0x00000000e7500000, 0x00000000e7400000| Untracked 
| 117|0x00000000e7500000, 0x00000000e7600000, 0x00000000e7600000|100%| O|  |TAMS 0x00000000e7600000, 0x00000000e7500000| Untracked 
| 118|0x00000000e7600000, 0x00000000e7600000, 0x00000000e7700000|  0%| F|  |TAMS 0x00000000e7600000, 0x00000000e7600000| Untracked 
| 119|0x00000000e7700000, 0x00000000e7800000, 0x00000000e7800000|100%| O|  |TAMS 0x00000000e7800000, 0x00000000e7700000| Untracked 
| 120|0x00000000e7800000, 0x00000000e7900000, 0x00000000e7900000|100%| O|  |TAMS 0x00000000e7900000, 0x00000000e7800000| Untracked 
| 121|0x00000000e7900000, 0x00000000e7900000, 0x00000000e7a00000|  0%| F|  |TAMS 0x00000000e7900000, 0x00000000e7900000| Untracked 
| 122|0x00000000e7a00000, 0x00000000e7a00000, 0x00000000e7b00000|  0%| F|  |TAMS 0x00000000e7a00000, 0x00000000e7a00000| Untracked 
| 123|0x00000000e7b00000, 0x00000000e7b00000, 0x00000000e7c00000|  0%| F|  |TAMS 0x00000000e7b00000, 0x00000000e7b00000| Untracked 
| 124|0x00000000e7c00000, 0x00000000e7c00000, 0x00000000e7d00000|  0%| F|  |TAMS 0x00000000e7c00000, 0x00000000e7c00000| Untracked 
| 125|0x00000000e7d00000, 0x00000000e7d00000, 0x00000000e7e00000|  0%| F|  |TAMS 0x00000000e7d00000, 0x00000000e7d00000| Untracked 
| 126|0x00000000e7e00000, 0x00000000e7e00000, 0x00000000e7f00000|  0%| F|  |TAMS 0x00000000e7e00000, 0x00000000e7e00000| Untracked 
| 127|0x00000000e7f00000, 0x00000000e7f00000, 0x00000000e8000000|  0%| F|  |TAMS 0x00000000e7f00000, 0x00000000e7f00000| Untracked 
| 128|0x00000000e8000000, 0x00000000e8000000, 0x00000000e8100000|  0%| F|  |TAMS 0x00000000e8000000, 0x00000000e8000000| Untracked 
| 129|0x00000000e8100000, 0x00000000e8100000, 0x00000000e8200000|  0%| F|  |TAMS 0x00000000e8100000, 0x00000000e8100000| Untracked 
| 130|0x00000000e8200000, 0x00000000e8200000, 0x00000000e8300000|  0%| F|  |TAMS 0x00000000e8200000, 0x00000000e8200000| Untracked 
| 131|0x00000000e8300000, 0x00000000e8300000, 0x00000000e8400000|  0%| F|  |TAMS 0x00000000e8300000, 0x00000000e8300000| Untracked 
| 132|0x00000000e8400000, 0x00000000e8500000, 0x00000000e8500000|100%| O|  |TAMS 0x00000000e8500000, 0x00000000e8400000| Untracked 
| 133|0x00000000e8500000, 0x00000000e8600000, 0x00000000e8600000|100%| O|  |TAMS 0x00000000e8600000, 0x00000000e8500000| Untracked 
| 134|0x00000000e8600000, 0x00000000e8700000, 0x00000000e8700000|100%| O|  |TAMS 0x00000000e8700000, 0x00000000e8600000| Untracked 
| 135|0x00000000e8700000, 0x00000000e8800000, 0x00000000e8800000|100%| O|  |TAMS 0x00000000e8800000, 0x00000000e8700000| Untracked 
| 136|0x00000000e8800000, 0x00000000e8900000, 0x00000000e8900000|100%| O|  |TAMS 0x00000000e8900000, 0x00000000e8800000| Untracked 
| 137|0x00000000e8900000, 0x00000000e8a00000, 0x00000000e8a00000|100%| O|  |TAMS 0x00000000e8a00000, 0x00000000e8900000| Untracked 
| 138|0x00000000e8a00000, 0x00000000e8b00000, 0x00000000e8b00000|100%| O|  |TAMS 0x00000000e8b00000, 0x00000000e8a00000| Untracked 
| 139|0x00000000e8b00000, 0x00000000e8c00000, 0x00000000e8c00000|100%| O|  |TAMS 0x00000000e8c00000, 0x00000000e8b00000| Untracked 
| 140|0x00000000e8c00000, 0x00000000e8c00000, 0x00000000e8d00000|  0%| F|  |TAMS 0x00000000e8c00000, 0x00000000e8c00000| Untracked 
| 141|0x00000000e8d00000, 0x00000000e8e00000, 0x00000000e8e00000|100%| O|  |TAMS 0x00000000e8e00000, 0x00000000e8d00000| Untracked 
| 142|0x00000000e8e00000, 0x00000000e8f00000, 0x00000000e8f00000|100%| O|  |TAMS 0x00000000e8f00000, 0x00000000e8e00000| Untracked 
| 143|0x00000000e8f00000, 0x00000000e9000000, 0x00000000e9000000|100%| O|  |TAMS 0x00000000e9000000, 0x00000000e8f00000| Untracked 
| 144|0x00000000e9000000, 0x00000000e9100000, 0x00000000e9100000|100%| O|  |TAMS 0x00000000e9100000, 0x00000000e9000000| Untracked 
| 145|0x00000000e9100000, 0x00000000e9200000, 0x00000000e9200000|100%| O|  |TAMS 0x00000000e9200000, 0x00000000e9100000| Untracked 
| 146|0x00000000e9200000, 0x00000000e9300000, 0x00000000e9300000|100%| O|  |TAMS 0x00000000e9300000, 0x00000000e9200000| Untracked 
| 147|0x00000000e9300000, 0x00000000e9400000, 0x00000000e9400000|100%| O|  |TAMS 0x00000000e9400000, 0x00000000e9300000| Untracked 
| 148|0x00000000e9400000, 0x00000000e9500000, 0x00000000e9500000|100%| O|  |TAMS 0x00000000e9500000, 0x00000000e9400000| Untracked 
| 149|0x00000000e9500000, 0x00000000e9500000, 0x00000000e9600000|  0%| F|  |TAMS 0x00000000e9500000, 0x00000000e9500000| Untracked 
| 150|0x00000000e9600000, 0x00000000e9700000, 0x00000000e9700000|100%| O|  |TAMS 0x00000000e9700000, 0x00000000e9600000| Untracked 
| 151|0x00000000e9700000, 0x00000000e9700000, 0x00000000e9800000|  0%| F|  |TAMS 0x00000000e9700000, 0x00000000e9700000| Untracked 
| 152|0x00000000e9800000, 0x00000000e9900000, 0x00000000e9900000|100%| O|  |TAMS 0x00000000e9900000, 0x00000000e9800000| Untracked 
| 153|0x00000000e9900000, 0x00000000e9900000, 0x00000000e9a00000|  0%| F|  |TAMS 0x00000000e9900000, 0x00000000e9900000| Untracked 
| 154|0x00000000e9a00000, 0x00000000e9a00000, 0x00000000e9b00000|  0%| F|  |TAMS 0x00000000e9a00000, 0x00000000e9a00000| Untracked 
| 155|0x00000000e9b00000, 0x00000000e9c00000, 0x00000000e9c00000|100%| O|  |TAMS 0x00000000e9c00000, 0x00000000e9b00000| Untracked 
| 156|0x00000000e9c00000, 0x00000000e9d00000, 0x00000000e9d00000|100%| O|  |TAMS 0x00000000e9d00000, 0x00000000e9c00000| Untracked 
| 157|0x00000000e9d00000, 0x00000000e9e00000, 0x00000000e9e00000|100%| O|  |TAMS 0x00000000e9e00000, 0x00000000e9d00000| Untracked 
| 158|0x00000000e9e00000, 0x00000000e9f00000, 0x00000000e9f00000|100%| O|  |TAMS 0x00000000e9f00000, 0x00000000e9e00000| Untracked 
| 159|0x00000000e9f00000, 0x00000000ea000000, 0x00000000ea000000|100%| O|  |TAMS 0x00000000ea000000, 0x00000000e9f00000| Untracked 
| 160|0x00000000ea000000, 0x00000000ea100000, 0x00000000ea100000|100%| O|  |TAMS 0x00000000ea100000, 0x00000000ea000000| Untracked 
| 161|0x00000000ea100000, 0x00000000ea200000, 0x00000000ea200000|100%| O|  |TAMS 0x00000000ea200000, 0x00000000ea100000| Untracked 
| 162|0x00000000ea200000, 0x00000000ea300000, 0x00000000ea300000|100%| O|  |TAMS 0x00000000ea300000, 0x00000000ea200000| Untracked 
| 163|0x00000000ea300000, 0x00000000ea300000, 0x00000000ea400000|  0%| F|  |TAMS 0x00000000ea300000, 0x00000000ea300000| Untracked 
| 164|0x00000000ea400000, 0x00000000ea400000, 0x00000000ea500000|  0%| F|  |TAMS 0x00000000ea400000, 0x00000000ea400000| Untracked 
| 165|0x00000000ea500000, 0x00000000ea500000, 0x00000000ea600000|  0%| F|  |TAMS 0x00000000ea500000, 0x00000000ea500000| Untracked 
| 166|0x00000000ea600000, 0x00000000ea600000, 0x00000000ea700000|  0%| F|  |TAMS 0x00000000ea600000, 0x00000000ea600000| Untracked 
| 167|0x00000000ea700000, 0x00000000ea700000, 0x00000000ea800000|  0%| F|  |TAMS 0x00000000ea700000, 0x00000000ea700000| Untracked 
| 168|0x00000000ea800000, 0x00000000ea800000, 0x00000000ea900000|  0%| F|  |TAMS 0x00000000ea800000, 0x00000000ea800000| Untracked 
| 169|0x00000000ea900000, 0x00000000ea900000, 0x00000000eaa00000|  0%| F|  |TAMS 0x00000000ea900000, 0x00000000ea900000| Untracked 
| 170|0x00000000eaa00000, 0x00000000eaa00000, 0x00000000eab00000|  0%| F|  |TAMS 0x00000000eaa00000, 0x00000000eaa00000| Untracked 
| 171|0x00000000eab00000, 0x00000000eab00000, 0x00000000eac00000|  0%| F|  |TAMS 0x00000000eab00000, 0x00000000eab00000| Untracked 
| 172|0x00000000eac00000, 0x00000000eac00000, 0x00000000ead00000|  0%| F|  |TAMS 0x00000000eac00000, 0x00000000eac00000| Untracked 
| 173|0x00000000ead00000, 0x00000000ead00000, 0x00000000eae00000|  0%| F|  |TAMS 0x00000000ead00000, 0x00000000ead00000| Untracked 
| 174|0x00000000eae00000, 0x00000000eae00000, 0x00000000eaf00000|  0%| F|  |TAMS 0x00000000eae00000, 0x00000000eae00000| Untracked 
| 175|0x00000000eaf00000, 0x00000000eaf00000, 0x00000000eb000000|  0%| F|  |TAMS 0x00000000eaf00000, 0x00000000eaf00000| Untracked 
| 176|0x00000000eb000000, 0x00000000eb000000, 0x00000000eb100000|  0%| F|  |TAMS 0x00000000eb000000, 0x00000000eb000000| Untracked 
| 177|0x00000000eb100000, 0x00000000eb100000, 0x00000000eb200000|  0%| F|  |TAMS 0x00000000eb100000, 0x00000000eb100000| Untracked 
| 178|0x00000000eb200000, 0x00000000eb200000, 0x00000000eb300000|  0%| F|  |TAMS 0x00000000eb200000, 0x00000000eb200000| Untracked 
| 179|0x00000000eb300000, 0x00000000eb300000, 0x00000000eb400000|  0%| F|  |TAMS 0x00000000eb300000, 0x00000000eb300000| Untracked 
| 180|0x00000000eb400000, 0x00000000eb400000, 0x00000000eb500000|  0%| F|  |TAMS 0x00000000eb400000, 0x00000000eb400000| Untracked 
| 181|0x00000000eb500000, 0x00000000eb500000, 0x00000000eb600000|  0%| F|  |TAMS 0x00000000eb500000, 0x00000000eb500000| Untracked 
| 182|0x00000000eb600000, 0x00000000eb600000, 0x00000000eb700000|  0%| F|  |TAMS 0x00000000eb600000, 0x00000000eb600000| Untracked 
| 183|0x00000000eb700000, 0x00000000eb700000, 0x00000000eb800000|  0%| F|  |TAMS 0x00000000eb700000, 0x00000000eb700000| Untracked 
| 184|0x00000000eb800000, 0x00000000eb800000, 0x00000000eb900000|  0%| F|  |TAMS 0x00000000eb800000, 0x00000000eb800000| Untracked 
| 185|0x00000000eb900000, 0x00000000eb900000, 0x00000000eba00000|  0%| F|  |TAMS 0x00000000eb900000, 0x00000000eb900000| Untracked 
| 186|0x00000000eba00000, 0x00000000eba00000, 0x00000000ebb00000|  0%| F|  |TAMS 0x00000000eba00000, 0x00000000eba00000| Untracked 
| 187|0x00000000ebb00000, 0x00000000ebb00000, 0x00000000ebc00000|  0%| F|  |TAMS 0x00000000ebb00000, 0x00000000ebb00000| Untracked 
| 188|0x00000000ebc00000, 0x00000000ebc00000, 0x00000000ebd00000|  0%| F|  |TAMS 0x00000000ebc00000, 0x00000000ebc00000| Untracked 
| 189|0x00000000ebd00000, 0x00000000ebd00000, 0x00000000ebe00000|  0%| F|  |TAMS 0x00000000ebd00000, 0x00000000ebd00000| Untracked 
| 190|0x00000000ebe00000, 0x00000000ebe00000, 0x00000000ebf00000|  0%| F|  |TAMS 0x00000000ebe00000, 0x00000000ebe00000| Untracked 
| 191|0x00000000ebf00000, 0x00000000ebf00000, 0x00000000ec000000|  0%| F|  |TAMS 0x00000000ebf00000, 0x00000000ebf00000| Untracked 
| 192|0x00000000ec000000, 0x00000000ec000000, 0x00000000ec100000|  0%| F|  |TAMS 0x00000000ec000000, 0x00000000ec000000| Untracked 
| 193|0x00000000ec100000, 0x00000000ec100000, 0x00000000ec200000|  0%| F|  |TAMS 0x00000000ec100000, 0x00000000ec100000| Untracked 
| 194|0x00000000ec200000, 0x00000000ec200000, 0x00000000ec300000|  0%| F|  |TAMS 0x00000000ec200000, 0x00000000ec200000| Untracked 
| 195|0x00000000ec300000, 0x00000000ec300000, 0x00000000ec400000|  0%| F|  |TAMS 0x00000000ec300000, 0x00000000ec300000| Untracked 
| 196|0x00000000ec400000, 0x00000000ec400000, 0x00000000ec500000|  0%| F|  |TAMS 0x00000000ec400000, 0x00000000ec400000| Untracked 
| 197|0x00000000ec500000, 0x00000000ec500000, 0x00000000ec600000|  0%| F|  |TAMS 0x00000000ec500000, 0x00000000ec500000| Untracked 
| 198|0x00000000ec600000, 0x00000000ec600000, 0x00000000ec700000|  0%| F|  |TAMS 0x00000000ec600000, 0x00000000ec600000| Untracked 
| 199|0x00000000ec700000, 0x00000000ec700000, 0x00000000ec800000|  0%| F|  |TAMS 0x00000000ec700000, 0x00000000ec700000| Untracked 
| 200|0x00000000ec800000, 0x00000000ec800000, 0x00000000ec900000|  0%| F|  |TAMS 0x00000000ec800000, 0x00000000ec800000| Untracked 
| 201|0x00000000ec900000, 0x00000000ec900000, 0x00000000eca00000|  0%| F|  |TAMS 0x00000000ec900000, 0x00000000ec900000| Untracked 
| 202|0x00000000eca00000, 0x00000000eca88b98, 0x00000000ecb00000| 53%| E|  |TAMS 0x00000000eca00000, 0x00000000eca00000| Complete 
| 203|0x00000000ecb00000, 0x00000000ecc00000, 0x00000000ecc00000|100%| E|  |TAMS 0x00000000ecb00000, 0x00000000ecb00000| Complete 
| 204|0x00000000ecc00000, 0x00000000ecd00000, 0x00000000ecd00000|100%| E|CS|TAMS 0x00000000ecc00000, 0x00000000ecc00000| Complete 
| 205|0x00000000ecd00000, 0x00000000ece00000, 0x00000000ece00000|100%| E|CS|TAMS 0x00000000ecd00000, 0x00000000ecd00000| Complete 
| 206|0x00000000ece00000, 0x00000000ecf00000, 0x00000000ecf00000|100%| E|CS|TAMS 0x00000000ece00000, 0x00000000ece00000| Complete 
| 207|0x00000000ecf00000, 0x00000000ed000000, 0x00000000ed000000|100%| E|CS|TAMS 0x00000000ecf00000, 0x00000000ecf00000| Complete 
| 208|0x00000000ed000000, 0x00000000ed100000, 0x00000000ed100000|100%| E|CS|TAMS 0x00000000ed000000, 0x00000000ed000000| Complete 
| 209|0x00000000ed100000, 0x00000000ed200000, 0x00000000ed200000|100%| E|CS|TAMS 0x00000000ed100000, 0x00000000ed100000| Complete 
| 210|0x00000000ed200000, 0x00000000ed300000, 0x00000000ed300000|100%| E|CS|TAMS 0x00000000ed200000, 0x00000000ed200000| Complete 
| 211|0x00000000ed300000, 0x00000000ed400000, 0x00000000ed400000|100%| E|CS|TAMS 0x00000000ed300000, 0x00000000ed300000| Complete 
| 212|0x00000000ed400000, 0x00000000ed500000, 0x00000000ed500000|100%| E|CS|TAMS 0x00000000ed400000, 0x00000000ed400000| Complete 
| 213|0x00000000ed500000, 0x00000000ed600000, 0x00000000ed600000|100%| E|CS|TAMS 0x00000000ed500000, 0x00000000ed500000| Complete 
| 214|0x00000000ed600000, 0x00000000ed700000, 0x00000000ed700000|100%| E|CS|TAMS 0x00000000ed600000, 0x00000000ed600000| Complete 
| 215|0x00000000ed700000, 0x00000000ed800000, 0x00000000ed800000|100%| E|CS|TAMS 0x00000000ed700000, 0x00000000ed700000| Complete 
| 216|0x00000000ed800000, 0x00000000ed900000, 0x00000000ed900000|100%| E|CS|TAMS 0x00000000ed800000, 0x00000000ed800000| Complete 
| 217|0x00000000ed900000, 0x00000000eda00000, 0x00000000eda00000|100%| E|CS|TAMS 0x00000000ed900000, 0x00000000ed900000| Complete 
| 218|0x00000000eda00000, 0x00000000edb00000, 0x00000000edb00000|100%| E|CS|TAMS 0x00000000eda00000, 0x00000000eda00000| Complete 
| 219|0x00000000edb00000, 0x00000000edc00000, 0x00000000edc00000|100%| E|CS|TAMS 0x00000000edb00000, 0x00000000edb00000| Complete 
| 220|0x00000000edc00000, 0x00000000edd00000, 0x00000000edd00000|100%| E|CS|TAMS 0x00000000edc00000, 0x00000000edc00000| Complete 
| 221|0x00000000edd00000, 0x00000000ede00000, 0x00000000ede00000|100%| E|CS|TAMS 0x00000000edd00000, 0x00000000edd00000| Complete 
| 222|0x00000000ede00000, 0x00000000edf00000, 0x00000000edf00000|100%| E|CS|TAMS 0x00000000ede00000, 0x00000000ede00000| Complete 
| 223|0x00000000edf00000, 0x00000000ee000000, 0x00000000ee000000|100%| E|CS|TAMS 0x00000000edf00000, 0x00000000edf00000| Complete 
| 224|0x00000000ee000000, 0x00000000ee100000, 0x00000000ee100000|100%| E|CS|TAMS 0x00000000ee000000, 0x00000000ee000000| Complete 
| 225|0x00000000ee100000, 0x00000000ee200000, 0x00000000ee200000|100%| E|CS|TAMS 0x00000000ee100000, 0x00000000ee100000| Complete 
| 226|0x00000000ee200000, 0x00000000ee300000, 0x00000000ee300000|100%| E|CS|TAMS 0x00000000ee200000, 0x00000000ee200000| Complete 
| 227|0x00000000ee300000, 0x00000000ee400000, 0x00000000ee400000|100%| E|CS|TAMS 0x00000000ee300000, 0x00000000ee300000| Complete 
| 228|0x00000000ee400000, 0x00000000ee500000, 0x00000000ee500000|100%| E|CS|TAMS 0x00000000ee400000, 0x00000000ee400000| Complete 
| 229|0x00000000ee500000, 0x00000000ee600000, 0x00000000ee600000|100%| E|CS|TAMS 0x00000000ee500000, 0x00000000ee500000| Complete 
| 230|0x00000000ee600000, 0x00000000ee700000, 0x00000000ee700000|100%| E|CS|TAMS 0x00000000ee600000, 0x00000000ee600000| Complete 
| 231|0x00000000ee700000, 0x00000000ee800000, 0x00000000ee800000|100%| E|CS|TAMS 0x00000000ee700000, 0x00000000ee700000| Complete 
| 232|0x00000000ee800000, 0x00000000ee900000, 0x00000000ee900000|100%| E|CS|TAMS 0x00000000ee800000, 0x00000000ee800000| Complete 
| 233|0x00000000ee900000, 0x00000000eea00000, 0x00000000eea00000|100%| E|CS|TAMS 0x00000000ee900000, 0x00000000ee900000| Complete 
| 234|0x00000000eea00000, 0x00000000eeb00000, 0x00000000eeb00000|100%| E|CS|TAMS 0x00000000eea00000, 0x00000000eea00000| Complete 
| 235|0x00000000eeb00000, 0x00000000eec00000, 0x00000000eec00000|100%| E|CS|TAMS 0x00000000eeb00000, 0x00000000eeb00000| Complete 
| 236|0x00000000eec00000, 0x00000000eed00000, 0x00000000eed00000|100%| E|CS|TAMS 0x00000000eec00000, 0x00000000eec00000| Complete 
| 237|0x00000000eed00000, 0x00000000eee00000, 0x00000000eee00000|100%| E|CS|TAMS 0x00000000eed00000, 0x00000000eed00000| Complete 
| 238|0x00000000eee00000, 0x00000000eef00000, 0x00000000eef00000|100%| E|CS|TAMS 0x00000000eee00000, 0x00000000eee00000| Complete 
| 239|0x00000000eef00000, 0x00000000ef000000, 0x00000000ef000000|100%| E|CS|TAMS 0x00000000eef00000, 0x00000000eef00000| Complete 
| 240|0x00000000ef000000, 0x00000000ef100000, 0x00000000ef100000|100%| E|CS|TAMS 0x00000000ef000000, 0x00000000ef000000| Complete 
| 241|0x00000000ef100000, 0x00000000ef200000, 0x00000000ef200000|100%| E|CS|TAMS 0x00000000ef100000, 0x00000000ef100000| Complete 
| 242|0x00000000ef200000, 0x00000000ef300000, 0x00000000ef300000|100%| E|CS|TAMS 0x00000000ef200000, 0x00000000ef200000| Complete 
| 243|0x00000000ef300000, 0x00000000ef400000, 0x00000000ef400000|100%| E|CS|TAMS 0x00000000ef300000, 0x00000000ef300000| Complete 
| 244|0x00000000ef400000, 0x00000000ef500000, 0x00000000ef500000|100%| E|CS|TAMS 0x00000000ef400000, 0x00000000ef400000| Complete 
| 245|0x00000000ef500000, 0x00000000ef600000, 0x00000000ef600000|100%| E|CS|TAMS 0x00000000ef500000, 0x00000000ef500000| Complete 
| 246|0x00000000ef600000, 0x00000000ef700000, 0x00000000ef700000|100%| E|CS|TAMS 0x00000000ef600000, 0x00000000ef600000| Complete 
| 247|0x00000000ef700000, 0x00000000ef800000, 0x00000000ef800000|100%| E|CS|TAMS 0x00000000ef700000, 0x00000000ef700000| Complete 
| 248|0x00000000ef800000, 0x00000000ef900000, 0x00000000ef900000|100%| E|CS|TAMS 0x00000000ef800000, 0x00000000ef800000| Complete 
| 249|0x00000000ef900000, 0x00000000efa00000, 0x00000000efa00000|100%| E|CS|TAMS 0x00000000ef900000, 0x00000000ef900000| Complete 
| 250|0x00000000efa00000, 0x00000000efb00000, 0x00000000efb00000|100%| E|CS|TAMS 0x00000000efa00000, 0x00000000efa00000| Complete 
| 251|0x00000000efb00000, 0x00000000efc00000, 0x00000000efc00000|100%| E|CS|TAMS 0x00000000efb00000, 0x00000000efb00000| Complete 
| 252|0x00000000efc00000, 0x00000000efd00000, 0x00000000efd00000|100%| E|CS|TAMS 0x00000000efc00000, 0x00000000efc00000| Complete 
| 253|0x00000000efd00000, 0x00000000efe00000, 0x00000000efe00000|100%| E|CS|TAMS 0x00000000efd00000, 0x00000000efd00000| Complete 
| 254|0x00000000efe00000, 0x00000000eff00000, 0x00000000eff00000|100%| E|CS|TAMS 0x00000000efe00000, 0x00000000efe00000| Complete 
| 255|0x00000000eff00000, 0x00000000f0000000, 0x00000000f0000000|100%| E|CS|TAMS 0x00000000eff00000, 0x00000000eff00000| Complete 
| 256|0x00000000f0000000, 0x00000000f0100000, 0x00000000f0100000|100%| E|CS|TAMS 0x00000000f0000000, 0x00000000f0000000| Complete 
| 257|0x00000000f0100000, 0x00000000f0200000, 0x00000000f0200000|100%| E|CS|TAMS 0x00000000f0100000, 0x00000000f0100000| Complete 
| 258|0x00000000f0200000, 0x00000000f0300000, 0x00000000f0300000|100%| E|CS|TAMS 0x00000000f0200000, 0x00000000f0200000| Complete 
| 259|0x00000000f0300000, 0x00000000f0363c50, 0x00000000f0400000| 38%| S|CS|TAMS 0x00000000f0300000, 0x00000000f0300000| Complete 
| 260|0x00000000f0400000, 0x00000000f0500000, 0x00000000f0500000|100%| S|CS|TAMS 0x00000000f0400000, 0x00000000f0400000| Complete 
| 261|0x00000000f0500000, 0x00000000f0600000, 0x00000000f0600000|100%| E|CS|TAMS 0x00000000f0500000, 0x00000000f0500000| Complete 
| 262|0x00000000f0600000, 0x00000000f0700000, 0x00000000f0700000|100%| E|CS|TAMS 0x00000000f0600000, 0x00000000f0600000| Complete 
| 263|0x00000000f0700000, 0x00000000f0800000, 0x00000000f0800000|100%| E|CS|TAMS 0x00000000f0700000, 0x00000000f0700000| Complete 

Card table byte_map: [0x00000258f77c0000,0x00000258f78c0000] _byte_map_base: 0x00000258f70c0000

Marking Bits (Prev, Next): (CMBitMap*) 0x00000258ef3e0e58, (CMBitMap*) 0x00000258ef3e0e98
 Prev Bits: [0x00000258f79c0000, 0x00000258f81c0000)
 Next Bits: [0x00000258f81c0000, 0x00000258f89c0000)

Polling page: 0x00000258ed530000

Metaspace:

Usage:
  Non-class:     81.45 MB capacity,    78.67 MB ( 97%) used,     2.52 MB (  3%) free+waste,   276.31 KB ( <1%) overhead. 
      Class:     12.67 MB capacity,    11.30 MB ( 89%) used,     1.24 MB ( 10%) free+waste,   127.06 KB ( <1%) overhead. 
       Both:     94.12 MB capacity,    89.97 MB ( 96%) used,     3.76 MB (  4%) free+waste,   403.38 KB ( <1%) overhead. 

Virtual space:
  Non-class space:       82.00 MB reserved,      81.50 MB (>99%) committed 
      Class space:      248.00 MB reserved,      12.75 MB (  5%) committed 
             Both:      330.00 MB reserved,      94.25 MB ( 29%) committed 

Chunk freelists:
   Non-Class:  6.00 KB
       Class:  2.25 KB
        Both:  8.25 KB

CodeHeap 'non-profiled nmethods': size=120064Kb used=11786Kb max_used=12491Kb free=108277Kb
 bounds [0x0000025887ac0000, 0x0000025888700000, 0x000002588f000000]
CodeHeap 'profiled nmethods': size=120000Kb used=34912Kb max_used=34912Kb free=85087Kb
 bounds [0x0000025880590000, 0x00000258827f0000, 0x0000025887ac0000]
CodeHeap 'non-nmethods': size=5696Kb used=2377Kb max_used=2416Kb free=3318Kb
 bounds [0x0000025880000000, 0x0000025880270000, 0x0000025880590000]
 total_blobs=25223 nmethods=15212 adapters=892
 compilation: enabled
              stopped_count=0, restarted_count=0
 full_count=0

Compilation events (10 events):
Event: 2347.898 Thread 0x00000258fafc9000 18605       1       java.lang.Double::doubleValue (5 bytes)
Event: 2347.898 Thread 0x00000258fafc9000 nmethod 18605 0x00000258882ae210 code [0x00000258882ae3c0, 0x00000258882ae4f8]
Event: 2347.898 Thread 0x00000258fafc9000 18606       1       jdk.internal.math.FloatingDecimal$BinaryToASCIIBuffer::isExceptional (2 bytes)
Event: 2347.898 Thread 0x00000258fafc9000 nmethod 18606 0x00000258882ade90 code [0x00000258882ae040, 0x00000258882ae178]
Event: 2347.898 Thread 0x00000258fafc9000 18607       1       jdk.internal.math.FloatingDecimal$BinaryToASCIIBuffer::isNegative (5 bytes)
Event: 2347.898 Thread 0x00000258fafc9000 nmethod 18607 0x00000258882adb10 code [0x00000258882adcc0, 0x00000258882addf8]
Event: 2347.898 Thread 0x00000258fafc9000 18608       1       jdk.internal.math.FormattedFloatingDecimal::getMantissa (5 bytes)
Event: 2347.899 Thread 0x00000258fafc9000 nmethod 18608 0x00000258882ad790 code [0x00000258882ad940, 0x00000258882ada78]
Event: 2347.906 Thread 0x00000258fafc9000 18609       1       jdk.internal.math.FloatingDecimal$BinaryToASCIIBuffer::getDecimalExponent (5 bytes)
Event: 2347.906 Thread 0x00000258fafc9000 nmethod 18609 0x00000258882ad410 code [0x00000258882ad5c0, 0x00000258882ad6f8]

GC Heap History (10 events):
Event: 503.741 GC heap before
{Heap before GC invocations=35 (full 0):
 garbage-first heap   total 270336K, used 166307K [0x00000000e0000000, 0x0000000100000000)
  region size 1024K, 13 young (13312K), 4 survivors (4096K)
 Metaspace       used 81645K, capacity 85109K, committed 85376K, reserved 327680K
  class space    used 10453K, capacity 11593K, committed 11648K, reserved 253952K
}
Event: 503.760 GC heap after
{Heap after GC invocations=36 (full 0):
 garbage-first heap   total 270336K, used 134325K [0x00000000e0000000, 0x0000000100000000)
  region size 1024K, 1 young (1024K), 1 survivors (1024K)
 Metaspace       used 81645K, capacity 85109K, committed 85376K, reserved 327680K
  class space    used 10453K, capacity 11593K, committed 11648K, reserved 253952K
}
Event: 995.665 GC heap before
{Heap before GC invocations=36 (full 0):
 garbage-first heap   total 270336K, used 145589K [0x00000000e0000000, 0x0000000100000000)
  region size 1024K, 13 young (13312K), 1 survivors (1024K)
 Metaspace       used 81718K, capacity 85238K, committed 85376K, reserved 327680K
  class space    used 10453K, capacity 11593K, committed 11648K, reserved 253952K
}
Event: 995.685 GC heap after
{Heap after GC invocations=37 (full 0):
 garbage-first heap   total 270336K, used 126191K [0x00000000e0000000, 0x0000000100000000)
  region size 1024K, 1 young (1024K), 1 survivors (1024K)
 Metaspace       used 81718K, capacity 85238K, committed 85376K, reserved 327680K
  class space    used 10453K, capacity 11593K, committed 11648K, reserved 253952K
}
Event: 2317.531 GC heap before
{Heap before GC invocations=37 (full 0):
 garbage-first heap   total 270336K, used 198895K [0x00000000e0000000, 0x0000000100000000)
  region size 1024K, 73 young (74752K), 1 survivors (1024K)
 Metaspace       used 85600K, capacity 89427K, committed 89472K, reserved 331776K
  class space    used 10819K, capacity 12153K, committed 12160K, reserved 253952K
}
Event: 2317.558 GC heap after
{Heap after GC invocations=38 (full 0):
 garbage-first heap   total 270336K, used 129789K [0x00000000e0000000, 0x0000000100000000)
  region size 1024K, 4 young (4096K), 4 survivors (4096K)
 Metaspace       used 85600K, capacity 89427K, committed 89472K, reserved 331776K
  class space    used 10819K, capacity 12153K, committed 12160K, reserved 253952K
}
Event: 2339.359 GC heap before
{Heap before GC invocations=39 (full 0):
 garbage-first heap   total 270336K, used 203517K [0x00000000e0000000, 0x0000000100000000)
  region size 1024K, 77 young (78848K), 4 survivors (4096K)
 Metaspace       used 91318K, capacity 95665K, committed 96000K, reserved 337920K
  class space    used 11533K, capacity 12933K, committed 13056K, reserved 253952K
}
Event: 2339.392 GC heap after
{Heap after GC invocations=40 (full 0):
 garbage-first heap   total 270336K, used 137880K [0x00000000e0000000, 0x0000000100000000)
  region size 1024K, 10 young (10240K), 10 survivors (10240K)
 Metaspace       used 91318K, capacity 95665K, committed 96000K, reserved 337920K
  class space    used 11533K, capacity 12933K, committed 13056K, reserved 253952K
}
Event: 2340.643 GC heap before
{Heap before GC invocations=40 (full 0):
 garbage-first heap   total 270336K, used 140952K [0x00000000e0000000, 0x0000000100000000)
  region size 1024K, 13 young (13312K), 10 survivors (10240K)
 Metaspace       used 91647K, capacity 95977K, committed 96256K, reserved 337920K
  class space    used 11566K, capacity 12970K, committed 13056K, reserved 253952K
}
Event: 2340.689 GC heap after
{Heap after GC invocations=41 (full 0):
 garbage-first heap   total 270336K, used 131004K [0x00000000e0000000, 0x0000000100000000)
  region size 1024K, 2 young (2048K), 2 survivors (2048K)
 Metaspace       used 91647K, capacity 95977K, committed 96256K, reserved 337920K
  class space    used 11566K, capacity 12970K, committed 13056K, reserved 253952K
}

Deoptimization events (10 events):
Event: 2340.866 Thread 0x000002588f807800 Uncommon trap: reason=profile_predicate action=maybe_recompile pc=0x0000025887b63bec method=java.math.BigInteger.longValue()J @ 5 c2
Event: 2340.866 Thread 0x000002588f807800 Uncommon trap: reason=profile_predicate action=maybe_recompile pc=0x0000025887b63bec method=java.math.BigInteger.longValue()J @ 5 c2
Event: 2340.866 Thread 0x000002588f807800 Uncommon trap: reason=profile_predicate action=maybe_recompile pc=0x0000025887b63bec method=java.math.BigInteger.longValue()J @ 5 c2
Event: 2341.598 Thread 0x000002588f80a000 Uncommon trap: reason=intrinsic_or_type_checked_inlining action=make_not_entrant pc=0x0000025887f0469c method=java.util.ArrayList$SubList.toArray([Ljava/lang/Object;)[Ljava/lang/Object; @ 58 c2
Event: 2344.898 Thread 0x00000258fc458800 Uncommon trap: reason=profile_predicate action=maybe_recompile pc=0x00000258881efa68 method=java.util.Collections.indexedBinarySearch(Ljava/util/List;Ljava/lang/Object;)I @ 13 c2
Event: 2345.058 Thread 0x00000258fc458800 Uncommon trap: reason=profile_predicate action=maybe_recompile pc=0x00000258881efa68 method=java.util.Collections.indexedBinarySearch(Ljava/util/List;Ljava/lang/Object;)I @ 13 c2
Event: 2345.070 Thread 0x00000258fc458800 Uncommon trap: reason=profile_predicate action=maybe_recompile pc=0x00000258881efa68 method=java.util.Collections.indexedBinarySearch(Ljava/util/List;Ljava/lang/Object;)I @ 13 c2
Event: 2346.133 Thread 0x00000258fc458800 Uncommon trap: reason=profile_predicate action=maybe_recompile pc=0x00000258881efa68 method=java.util.Collections.indexedBinarySearch(Ljava/util/List;Ljava/lang/Object;)I @ 13 c2
Event: 2347.338 Thread 0x000002588f80a000 Uncommon trap: reason=unstable_if action=reinterpret pc=0x00000258880dd5f8 method=com.sun.crypto.provider.CounterMode.increment([B)V @ 18 c2
Event: 2347.338 Thread 0x000002588f80a000 Uncommon trap: reason=unstable_if action=reinterpret pc=0x00000258880ae684 method=com.sun.crypto.provider.CounterMode.increment([B)V @ 18 c2

Classes redefined (0 events):
No events

Internal exceptions (10 events):
Event: 2330.528 Thread 0x000002588f807800 Exception <a 'java/lang/ClassNotFoundException'{0x00000000eddf8bf0}: build_7lfbxlbg16chv89jv0qabsdtdBeanInfo> (0x00000000eddf8bf0) thrown at [t:/workspace/open/src/hotspot/share/classfile/systemDictionary.cpp, line 235]
Event: 2330.529 Thread 0x000002588f807800 Exception <a 'java/lang/ClassNotFoundException'{0x00000000edc02630}: build_7lfbxlbg16chv89jv0qabsdtdCustomizer> (0x00000000edc02630) thrown at [t:/workspace/open/src/hotspot/share/classfile/systemDictionary.cpp, line 235]
Event: 2330.541 Thread 0x000002588f807800 Implicit null exception at 0x000002588842db7b to 0x000002588842f05e
Event: 2330.542 Thread 0x000002588f807800 Implicit null exception at 0x0000025888513494 to 0x0000025888519cc2
Event: 2332.197 Thread 0x000002588f807800 Exception <a 'java/lang/NoSuchMethodError'{0x00000000ed4eab08}: java.lang.invoke.DirectMethodHandle$Holder.invokeStaticInit(Ljava/lang/Object;Ljava/lang/Object;Ljava/lang/Object;Ljava/lang/Object;)I> (0x00000000ed4eab08) thrown at [t:/workspace/open/src/h
Event: 2332.197 Thread 0x000002588f807800 Exception <a 'java/lang/IncompatibleClassChangeError'{0x00000000ed4f43f0}: Found class java.lang.Object, but interface was expected> (0x00000000ed4f43f0) thrown at [t:/workspace/open/src/hotspot/share/interpreter/linkResolver.cpp, line 843]
Event: 2345.698 Thread 0x000002588f80e000 Exception <a 'java/net/SocketTimeoutException'{0x00000000ef2d32c0}: Read timed out> (0x00000000ef2d32c0) thrown at [t:/workspace/open/src/hotspot/share/prims/jni.cpp, line 636]
Event: 2345.886 Thread 0x000002588f80e000 Exception <a 'java/net/SocketTimeoutException'{0x00000000ef2d97e8}: Read timed out> (0x00000000ef2d97e8) thrown at [t:/workspace/open/src/hotspot/share/prims/jni.cpp, line 636]
Event: 2345.969 Thread 0x000002588f80e000 Exception <a 'java/net/SocketTimeoutException'{0x00000000ef2f8480}: Read timed out> (0x00000000ef2f8480) thrown at [t:/workspace/open/src/hotspot/share/prims/jni.cpp, line 636]
Event: 2346.372 Thread 0x000002588f810800 Exception <a 'java/net/SocketTimeoutException'{0x00000000ef432c08}: Read timed out> (0x00000000ef432c08) thrown at [t:/workspace/open/src/hotspot/share/prims/jni.cpp, line 636]

Events (10 events):
Event: 2347.372 Thread 0x000002588f810800 DEOPT PACKING pc=0x00000258827c5708 sp=0x000000df5fafc5c0
Event: 2347.372 Thread 0x000002588f810800 DEOPT UNPACKING pc=0x00000258800299ce sp=0x000000df5fafbaa0 mode 0
Event: 2347.376 Thread 0x000002588f80a000 DEOPT PACKING pc=0x00000258827c5708 sp=0x000000df5f9fc0d0
Event: 2347.376 Thread 0x000002588f80a000 DEOPT UNPACKING pc=0x00000258800299ce sp=0x000000df5f9fb5b0 mode 0
Event: 2347.377 Thread 0x000002588f810800 DEOPT PACKING pc=0x00000258827c5708 sp=0x000000df5fafc5c0
Event: 2347.377 Thread 0x000002588f810800 DEOPT UNPACKING pc=0x00000258800299ce sp=0x000000df5fafbaa0 mode 0
Event: 2347.381 Thread 0x000002588f807800 DEOPT PACKING pc=0x00000258827c5708 sp=0x000000df5ecf82e0
Event: 2347.381 Thread 0x000002588f807800 DEOPT UNPACKING pc=0x00000258800299ce sp=0x000000df5ecf77c0 mode 0
Event: 2347.382 Thread 0x000002588f810800 DEOPT PACKING pc=0x00000258827c5708 sp=0x000000df5fafc5c0
Event: 2347.382 Thread 0x000002588f810800 DEOPT UNPACKING pc=0x00000258800299ce sp=0x000000df5fafbaa0 mode 0


Dynamic libraries:
0x00007ff6e9010000 - 0x00007ff6e901f000 	C:\Program Files\Java\jdk-12.0.2\bin\java.exe
0x00007ffda02e0000 - 0x00007ffda04d0000 	C:\WINDOWS\SYSTEM32\ntdll.dll
0x00007ffd9ec30000 - 0x00007ffd9ece2000 	C:\WINDOWS\System32\KERNEL32.DLL
0x00007ffd9d730000 - 0x00007ffd9d9d4000 	C:\WINDOWS\System32\KERNELBASE.dll
0x00007ffd9db10000 - 0x00007ffd9dc0a000 	C:\WINDOWS\System32\ucrtbase.dll
0x00007ffd99c40000 - 0x00007ffd99c56000 	C:\Program Files\Java\jdk-12.0.2\bin\VCRUNTIME140.dll
0x00007ffd9aec0000 - 0x00007ffd9aed8000 	C:\Program Files\Java\jdk-12.0.2\bin\jli.dll
0x00007ffd9fb60000 - 0x00007ffd9fc03000 	C:\WINDOWS\System32\ADVAPI32.dll
0x00007ffd9ecf0000 - 0x00007ffd9ed8e000 	C:\WINDOWS\System32\msvcrt.dll
0x00007ffd9ef30000 - 0x00007ffd9efc7000 	C:\WINDOWS\System32\sechost.dll
0x00007ffd9f8a0000 - 0x00007ffd9f9c0000 	C:\WINDOWS\System32\RPCRT4.dll
0x00007ffd9ed90000 - 0x00007ffd9ef24000 	C:\WINDOWS\System32\USER32.dll
0x00007ffd9d700000 - 0x00007ffd9d721000 	C:\WINDOWS\System32\win32u.dll
0x00007ffd89280000 - 0x00007ffd89504000 	C:\WINDOWS\WinSxS\amd64_microsoft.windows.common-controls_6595b64144ccf1df_6.0.18362.900_none_e6beb9d913147d17\COMCTL32.dll
0x00007ffd9ec00000 - 0x00007ffd9ec26000 	C:\WINDOWS\System32\GDI32.dll
0x00007ffd9f560000 - 0x00007ffd9f895000 	C:\WINDOWS\System32\combase.dll
0x00007ffd9d560000 - 0x00007ffd9d6f5000 	C:\WINDOWS\System32\gdi32full.dll
0x00007ffd9d9e0000 - 0x00007ffd9da60000 	C:\WINDOWS\System32\bcryptPrimitives.dll
0x00007ffd9d3c0000 - 0x00007ffd9d45e000 	C:\WINDOWS\System32\msvcp_win.dll
0x00007ffd93a30000 - 0x00007ffd93a3a000 	C:\WINDOWS\SYSTEM32\VERSION.dll
0x00007ffd9f200000 - 0x00007ffd9f22e000 	C:\WINDOWS\System32\IMM32.DLL
0x00007ffd7c600000 - 0x00007ffd7c6aa000 	C:\Program Files\Java\jdk-12.0.2\bin\msvcp140.dll
0x00007ffd53f00000 - 0x00007ffd54a77000 	C:\Program Files\Java\jdk-12.0.2\bin\server\jvm.dll
0x00007ffd9ebc0000 - 0x00007ffd9ebc8000 	C:\WINDOWS\System32\PSAPI.DLL
0x00007ffd99f60000 - 0x00007ffd99f84000 	C:\WINDOWS\SYSTEM32\WINMM.dll
0x00007ffd87420000 - 0x00007ffd87429000 	C:\WINDOWS\SYSTEM32\WSOCK32.dll
0x00007ffd9f190000 - 0x00007ffd9f1ff000 	C:\WINDOWS\System32\WS2_32.dll
0x00007ffd99f30000 - 0x00007ffd99f5d000 	C:\WINDOWS\SYSTEM32\WINMMBASE.dll
0x00007ffd9d510000 - 0x00007ffd9d55a000 	C:\WINDOWS\System32\cfgmgr32.dll
0x00007ffd9d250000 - 0x00007ffd9d261000 	C:\WINDOWS\System32\kernel.appcore.dll
0x00007ffd98cd0000 - 0x00007ffd98ce1000 	C:\Program Files\Java\jdk-12.0.2\bin\verify.dll
0x00007ffd8af20000 - 0x00007ffd8b114000 	C:\WINDOWS\SYSTEM32\DBGHELP.DLL
0x00007ffd8ad50000 - 0x00007ffd8ad7a000 	C:\WINDOWS\SYSTEM32\dbgcore.DLL
0x00007ffd98ca0000 - 0x00007ffd98cc6000 	C:\Program Files\Java\jdk-12.0.2\bin\java.dll
0x00007ffd95540000 - 0x00007ffd95557000 	C:\Program Files\Java\jdk-12.0.2\bin\zip.dll
0x00007ffd9a940000 - 0x00007ffd9a94a000 	C:\Program Files\Java\jdk-12.0.2\bin\jimage.dll
0x00007ffd9e390000 - 0x00007ffd9ea76000 	C:\WINDOWS\System32\SHELL32.dll
0x00007ffd9f430000 - 0x00007ffd9f4d9000 	C:\WINDOWS\System32\shcore.dll
0x00007ffd9dc10000 - 0x00007ffd9e390000 	C:\WINDOWS\System32\windows.storage.dll
0x00007ffd9d1d0000 - 0x00007ffd9d1f3000 	C:\WINDOWS\System32\profapi.dll
0x00007ffd9d200000 - 0x00007ffd9d24a000 	C:\WINDOWS\System32\powrprof.dll
0x00007ffd9d1a0000 - 0x00007ffd9d1b0000 	C:\WINDOWS\System32\UMPDC.dll
0x00007ffd9f300000 - 0x00007ffd9f352000 	C:\WINDOWS\System32\shlwapi.dll
0x00007ffd9d4c0000 - 0x00007ffd9d4d7000 	C:\WINDOWS\System32\cryptsp.dll
0x00007ffd94090000 - 0x00007ffd940a9000 	C:\Program Files\Java\jdk-12.0.2\bin\net.dll
0x00007ffd927e0000 - 0x00007ffd928d0000 	C:\WINDOWS\SYSTEM32\WINHTTP.dll
0x00007ffd8ee80000 - 0x00007ffd8f056000 	C:\WINDOWS\SYSTEM32\urlmon.dll
0x00007ffd8fce0000 - 0x00007ffd8ff86000 	C:\WINDOWS\SYSTEM32\iertutil.dll
0x00007ffd9cbe0000 - 0x00007ffd9cbec000 	C:\WINDOWS\SYSTEM32\CRYPTBASE.DLL
0x00007ffd9ca10000 - 0x00007ffd9ca77000 	C:\WINDOWS\system32\mswsock.dll
0x00007ffd94070000 - 0x00007ffd94083000 	C:\Program Files\Java\jdk-12.0.2\bin\nio.dll
0x00007ffd8e640000 - 0x00007ffd8e666000 	C:\Users\mejia\.gradle\native\30\windows-amd64\native-platform.dll
0x00007ffd9a880000 - 0x00007ffd9a889000 	C:\Program Files\Java\jdk-12.0.2\bin\management.dll
0x00007ffd99a20000 - 0x00007ffd99a2c000 	C:\Program Files\Java\jdk-12.0.2\bin\management_ext.dll
0x00007ffd9c520000 - 0x00007ffd9c553000 	C:\WINDOWS\system32\rsaenh.dll
0x00007ffd9d4e0000 - 0x00007ffd9d506000 	C:\WINDOWS\System32\bcrypt.dll
0x00007ffd9d0c0000 - 0x00007ffd9d0e5000 	C:\WINDOWS\SYSTEM32\USERENV.dll
0x00007ffd9c6c0000 - 0x00007ffd9c6fa000 	C:\WINDOWS\SYSTEM32\IPHLPAPI.DLL
0x00007ffd9ebd0000 - 0x00007ffd9ebd8000 	C:\WINDOWS\System32\NSI.dll
0x00007ffd93c60000 - 0x00007ffd93c76000 	C:\WINDOWS\SYSTEM32\dhcpcsvc6.DLL
0x00007ffd93c40000 - 0x00007ffd93c5c000 	C:\WINDOWS\SYSTEM32\dhcpcsvc.DLL
0x00007ffd9c700000 - 0x00007ffd9c7cb000 	C:\WINDOWS\SYSTEM32\DNSAPI.dll
0x00007ffd87930000 - 0x00007ffd87957000 	C:\Program Files\Java\jdk-12.0.2\bin\sunec.dll
0x00007ffd69560000 - 0x00007ffd696ff000 	C:\Program Files\Java\jdk-12.0.2\bin\awt.dll
0x00007ffd9f360000 - 0x00007ffd9f425000 	C:\WINDOWS\System32\OLEAUT32.dll
0x00007ffd9a060000 - 0x00007ffd9a620000 	C:\WINDOWS\SYSTEM32\d2d1.dll
0x00007ffd9b440000 - 0x00007ffd9b4cf000 	C:\WINDOWS\SYSTEM32\apphelp.dll
0x00007ffd9b850000 - 0x00007ffd9b8e9000 	C:\WINDOWS\system32\uxtheme.dll
0x00007ffd9ea80000 - 0x00007ffd9ebb5000 	C:\WINDOWS\System32\MSCTF.dll
0x00007ffd9efd0000 - 0x00007ffd9f127000 	C:\WINDOWS\System32\ole32.dll
0x00007ffd94a80000 - 0x00007ffd94a8a000 	C:\Windows\System32\rasadhlp.dll
0x00007ffd93b30000 - 0x00007ffd93ba7000 	C:\WINDOWS\System32\fwpuclnt.dll
0x00007ffd9a910000 - 0x00007ffd9a91e000 	C:\Program Files\Java\jdk-12.0.2\bin\sunmscapi.dll
0x00007ffd9d270000 - 0x00007ffd9d3b9000 	C:\WINDOWS\System32\CRYPT32.dll
0x00007ffd9d1b0000 - 0x00007ffd9d1c2000 	C:\WINDOWS\System32\MSASN1.dll
0x00007ffd9cce0000 - 0x00007ffd9cd06000 	C:\WINDOWS\SYSTEM32\ncrypt.dll
0x00007ffd9cca0000 - 0x00007ffd9ccdb000 	C:\WINDOWS\SYSTEM32\NTASN1.dll

dbghelp: loaded successfully - version: 4.0.5 - missing functions: none
symbol engine: initialized successfully - sym options: 0x614 - pdb path: .;C:\Program Files\Java\jdk-12.0.2\bin;C:\WINDOWS\SYSTEM32;C:\WINDOWS\WinSxS\amd64_microsoft.windows.common-controls_6595b64144ccf1df_6.0.18362.900_none_e6beb9d913147d17;C:\Program Files\Java\jdk-12.0.2\bin\server;C:\Users\mejia\.gradle\native\30\windows-amd64

VM Arguments:
jvm_args: --add-opens=java.base/java.util=ALL-UNNAMED --add-opens=java.base/java.lang=ALL-UNNAMED --add-opens=java.base/java.lang.invoke=ALL-UNNAMED --add-opens=java.prefs/java.util.prefs=ALL-UNNAMED -XX:MaxMetaspaceSize=256m -XX:+HeapDumpOnOutOfMemoryError -Xms256m -Xmx512m -Dfile.encoding=windows-1252 -Duser.country=CO -Duser.language=es -Duser.variant 
java_command: org.gradle.launcher.daemon.bootstrap.GradleDaemon 6.0.1
java_class_path (initial): C:\Users\mejia\.gradle\wrapper\dists\gradle-6.0.1-all\99d3u8wxs16ndehh90lbbir67\gradle-6.0.1\lib\gradle-launcher-6.0.1.jar
Launcher Type: SUN_STANDARD

[Global flags]
     intx CICompilerCount                          = 3                                         {product} {ergonomic}
   size_t CompressedClassSpaceSize                 = 260046848                                 {product} {ergonomic}
     uint ConcGCThreads                            = 1                                         {product} {ergonomic}
     uint G1ConcRefinementThreads                  = 4                                         {product} {ergonomic}
   size_t G1HeapRegionSize                         = 1048576                                   {product} {ergonomic}
    uintx GCDrainStackTargetSize                   = 64                                        {product} {ergonomic}
     bool HeapDumpOnOutOfMemoryError               = true                                   {manageable} {command line}
   size_t InitialHeapSize                          = 268435456                                 {product} {command line}
   size_t MarkStackSize                            = 4194304                                   {product} {ergonomic}
   size_t MaxHeapSize                              = 536870912                                 {product} {command line}
   size_t MaxMetaspaceSize                         = 268435456                                 {product} {command line}
   size_t MaxNewSize                               = 321912832                                 {product} {ergonomic}
   size_t MinHeapDeltaBytes                        = 1048576                                   {product} {ergonomic}
    uintx NonNMethodCodeHeapSize                   = 5830732                                {pd product} {ergonomic}
    uintx NonProfiledCodeHeapSize                  = 122913754                              {pd product} {ergonomic}
    uintx ProfiledCodeHeapSize                     = 122913754                              {pd product} {ergonomic}
    uintx ReservedCodeCacheSize                    = 251658240                              {pd product} {ergonomic}
     bool SegmentedCodeCache                       = true                                      {product} {ergonomic}
     bool UseCompressedClassPointers               = true                                 {lp64_product} {ergonomic}
     bool UseCompressedOops                        = true                                 {lp64_product} {ergonomic}
     bool UseG1GC                                  = true                                      {product} {ergonomic}
     bool UseLargePagesIndividualAllocation        = false                                  {pd product} {ergonomic}

Logging:
Log output configuration:
 #0: stdout all=warning uptime,level,tags
 #1: stderr all=off uptime,level,tags

Environment Variables:
JAVA_HOME=C:\Program Files\Java\jdk-12.0.2
CLASSPATH=C:\Users\mejia\Documents\RNProjects\tiendaBackOffice\android\\gradle\wrapper\gradle-wrapper.jar
PATH=C:\Users\mejia\Documents\RNProjects\tiendabackoffice\android\node_modules\.bin;C:\Users\mejia\Documents\RNProjects\tiendabackoffice\node_modules\.bin;C:\Users\mejia\Documents\RNProjects\node_modules\.bin;C:\Users\mejia\Documents\node_modules\.bin;C:\Users\mejia\node_modules\.bin;C:\Users\node_modules\.bin;C:\node_modules\.bin;C:\Program Files\nodejs;C:\Users\mejia\Documents\RNProjects\tiendabackoffice\node_modules\.bin;C:\Python27\;C:\Python27\Scripts;C:\Program Files\Java\jdk-12.0.2\bin;C:\WINDOWS\system32;C:\WINDOWS;C:\WINDOWS\System32\Wbem;C:\WINDOWS\System32\WindowsPowerShell\v1.0\;C:\WINDOWS\System32\OpenSSH\;C:\ProgramData\chocolatey\bin;C:\xampp\php;C:\Program Files\Git\cmd;C:\Program Files\nodejs\;C:\ProgramData\ComposerSetup\bin;C:\Program Files (x86)\Yarn\bin\;C:\Program Files\PuTTY\;C:\Program Files\Microsoft SQL Server\Client SDK\ODBC\170\Tools\Binn\;C:\Program Files (x86)\Microsoft SQL Server\150\Tools\Binn\;C:\Program Files\Microsoft SQL Server\150\Tools\Binn\;C:\Program Files\Microsoft SQL Server\150\DTS\Binn\;C:\Program Files (x86)\Microsoft SQL Server\150\DTS\Binn\;C:\opt\apache-maven-3.6.3\bin;C:\HashiCorp\Vagrant\bin;C:\Program Files\Amazon\AWSCLIV2\;C:\Program Files (x86)\Google\Cloud SDK\google-cloud-sdk\bin;C:\Program Files\MySQL\MySQL Shell 8.0\bin\;C:\Users\mejia\AppData\Local\Microsoft\WindowsApps;C:\Users\mejia\AppData\Local\Programs\Microsoft VS Code\bin;C:\Users\mejia\AppData\Local\Android\Sdk\platform-tools;C:\Program Files\heroku\bin;C:\Users\mejia\AppData\Local\GitHubDesktop\bin;C:\Users\mejia\AppData\Roaming\npm;C:\Users\mejia\AppData\Roaming\Composer\vendor\bin;C:\Program Files (x86)\Nmap;C:\Users\mejia\AppData\Local\Yarn\bin;C:\Users\mejia\AppData\Local\atom\bin
USERNAME=mejia
OS=Windows_NT
PROCESSOR_IDENTIFIER=AMD64 Family 23 Model 17 Stepping 0, AuthenticAMD



---------------  S Y S T E M  ---------------

OS: Windows 10 , 64 bit Build 18362 (10.0.18362.900)

CPU:total 4 (initial active 4) (4 cores per cpu, 2 threads per core) family 23 model 17 stepping 0, cmov, cx8, fxsr, mmx, sse, sse2, sse3, ssse3, sse4.1, sse4.2, popcnt, avx, avx2, aes, clmul, mmxext, 3dnowpref, lzcnt, sse4a, ht, tsc, tscinvbit, tscinv, bmi1, bmi2, adx, sha, fma

Memory: 4k page, system-wide physical 7124M (897M free)
TotalPageFile size 11220M (AvailPageFile size 197M)
current process WorkingSet (physical memory assigned to process): 481M, peak: 559M
current process commit charge ("private bytes"): 609M, peak: 609M

vm_info: Java HotSpot(TM) 64-Bit Server VM (12.0.2+10) for windows-amd64 JRE (12.0.2+10), built on Jul 16 2019 01:56:17 by "mach5one" with MS VC++ 15.5 (VS2017)

END.
