#
# There is insufficient memory for the Java Runtime Environment to continue.
# Native memory allocation (malloc) failed to allocate 1314736 bytes for Chunk::new
# Possible reasons:
#   The system is out of physical RAM or swap space
#   The process is running with CompressedOops enabled, and the Java Heap may be blocking the growth of the native heap
# Possible solutions:
#   Reduce memory load on the system
#   Increase physical memory or swap space
#   Check if swap backing store is full
#   Decrease Java heap size (-Xmx/-Xms)
#   Decrease number of Java threads
#   Decrease Java thread stack sizes (-Xss)
#   Set larger code cache with -XX:ReservedCodeCacheSize=
#   JVM is running with Unscaled Compressed Oops mode in which the Java heap is
#     placed in the first 4GB address space. The Java Heap base address is the
#     maximum limit for the native heap growth. Please use -XX:HeapBaseMinAddress
#     to set the Java Heap base and to place the Java Heap above 4GB virtual address.
# This output file may be truncated or incomplete.
#
#  Out of Memory Error (t:/workspace/open/src/hotspot/share/memory/arena.cpp:197), pid=7652, tid=8732
#
# JRE version: Java(TM) SE Runtime Environment (12.0.2+10) (build 12.0.2+10)
# Java VM: Java HotSpot(TM) 64-Bit Server VM (12.0.2+10, mixed mode, sharing, tiered, compressed oops, g1 gc, windows-amd64)
# No core dump will be written. Minidumps are not enabled by default on client versions of Windows
#

---------------  S U M M A R Y ------------

Command Line: --add-opens=java.base/java.util=ALL-UNNAMED --add-opens=java.base/java.lang=ALL-UNNAMED --add-opens=java.base/java.lang.invoke=ALL-UNNAMED --add-opens=java.prefs/java.util.prefs=ALL-UNNAMED -XX:MaxMetaspaceSize=256m -XX:+HeapDumpOnOutOfMemoryError -Xms256m -Xmx512m -Dfile.encoding=windows-1252 -Duser.country=CO -Duser.language=es -Duser.variant org.gradle.launcher.daemon.bootstrap.GradleDaemon 6.0.1

Host: AMD Ryzen 3 2200U with Radeon Vega Mobile Gfx  , 4 cores, 6G,  Windows 10 , 64 bit Build 18362 (10.0.18362.900)
Time: Fri Jun 26 20:19:53 2020 Hora est. Pacífico, Sudamérica elapsed time: 370 seconds (0d 0h 6m 10s)

---------------  T H R E A D  ---------------

Current thread (0x00000245f0b56800):  JavaThread "C2 CompilerThread0" daemon [_thread_in_native, id=8732, stack(0x000000cd9b900000,0x000000cd9ba00000)]


Current CompileTask:
C2: 370171 15102       4       org.objectweb.asm.commons.Remapper::mapDesc (131 bytes)

Stack: [0x000000cd9b900000,0x000000cd9ba00000]
Native frames: (J=compiled Java code, j=interpreted, Vv=VM code, C=native code)
V  [jvm.dll+0x63aa2a]
V  [jvm.dll+0x78ce1e]
V  [jvm.dll+0x78e4c1]
V  [jvm.dll+0x78eb13]
V  [jvm.dll+0x2627e8]
V  [jvm.dll+0xc55cc]
V  [jvm.dll+0xc5b4c]
V  [jvm.dll+0x37a677]
V  [jvm.dll+0x1af0e0]
V  [jvm.dll+0x21c312]
V  [jvm.dll+0x21b3da]
V  [jvm.dll+0x199a20]
V  [jvm.dll+0x22a744]
V  [jvm.dll+0x228d98]
V  [jvm.dll+0x7512a0]
V  [jvm.dll+0x74a2c8]
V  [jvm.dll+0x639b16]
C  [ucrtbase.dll+0x20e82]
C  [KERNEL32.DLL+0x17bd4]
C  [ntdll.dll+0x6ce51]


---------------  P R O C E S S  ---------------

Threads class SMR info:
_java_thread_list=0x00000245f5a8f070, length=40, elements={
0x00000245d5f1f000, 0x00000245f0b2f000, 0x00000245f0b35000, 0x00000245f0b54800,
0x00000245f0b55800, 0x00000245f0b56800, 0x00000245f0b5e000, 0x00000245f1490800,
0x00000245f1616800, 0x00000245f1638800, 0x00000245f2893800, 0x00000245f1cef800,
0x00000245f2c5f800, 0x00000245f2d0a800, 0x00000245f2d0d000, 0x00000245f2d0b800,
0x00000245f5bba000, 0x00000245f5bbe800, 0x00000245f5bb6800, 0x00000245f5bbb800,
0x00000245f5bba800, 0x00000245f5bb5800, 0x00000245f5bb7800, 0x00000245f5bb9000,
0x00000245f5bbe000, 0x00000245f5bb8000, 0x00000245f5bc3800, 0x00000245f5bbf800,
0x00000245f5bc2000, 0x00000245f5bc4800, 0x00000245f2d0e000, 0x00000245f2d08800,
0x00000245f2d0f000, 0x000002458b754800, 0x000002458b757000, 0x000002458b754000,
0x000002458b755800, 0x000002458b753000, 0x000002458b758000, 0x00000245f54d0000
}

Java Threads: ( => current thread )
  0x00000245d5f1f000 JavaThread "main" [_thread_blocked, id=21124, stack(0x000000cd9ae00000,0x000000cd9af00000)]
  0x00000245f0b2f000 JavaThread "Reference Handler" daemon [_thread_blocked, id=26892, stack(0x000000cd9b500000,0x000000cd9b600000)]
  0x00000245f0b35000 JavaThread "Finalizer" daemon [_thread_blocked, id=19888, stack(0x000000cd9b600000,0x000000cd9b700000)]
  0x00000245f0b54800 JavaThread "Signal Dispatcher" daemon [_thread_blocked, id=904, stack(0x000000cd9b700000,0x000000cd9b800000)]
  0x00000245f0b55800 JavaThread "Attach Listener" daemon [_thread_blocked, id=20340, stack(0x000000cd9b800000,0x000000cd9b900000)]
=>0x00000245f0b56800 JavaThread "C2 CompilerThread0" daemon [_thread_in_native, id=8732, stack(0x000000cd9b900000,0x000000cd9ba00000)]
  0x00000245f0b5e000 JavaThread "C1 CompilerThread0" daemon [_thread_blocked, id=25016, stack(0x000000cd9ba00000,0x000000cd9bb00000)]
  0x00000245f1490800 JavaThread "Sweeper thread" daemon [_thread_blocked, id=8988, stack(0x000000cd9bb00000,0x000000cd9bc00000)]
  0x00000245f1616800 JavaThread "Common-Cleaner" daemon [_thread_blocked, id=8248, stack(0x000000cd9bc00000,0x000000cd9bd00000)]
  0x00000245f1638800 JavaThread "Service Thread" daemon [_thread_blocked, id=6812, stack(0x000000cd9bd00000,0x000000cd9be00000)]
  0x00000245f2893800 JavaThread "Daemon health stats" [_thread_blocked, id=14204, stack(0x000000cd9bf00000,0x000000cd9c000000)]
  0x00000245f1cef800 JavaThread "Incoming local TCP Connector on port 28395" [_thread_in_native, id=25784, stack(0x000000cd9c300000,0x000000cd9c400000)]
  0x00000245f2c5f800 JavaThread "Daemon periodic checks" [_thread_blocked, id=1124, stack(0x000000cd9c400000,0x000000cd9c500000)]
  0x00000245f2d0a800 JavaThread "Cache worker for file hash cache (C:\Users\mejia\.gradle\caches\6.0.1\fileHashes)" [_thread_blocked, id=27408, stack(0x000000cd9cc00000,0x000000cd9cd00000)]
  0x00000245f2d0d000 JavaThread "File lock request listener" [_thread_in_native, id=7112, stack(0x000000cd9cd00000,0x000000cd9ce00000)]
  0x00000245f2d0b800 JavaThread "Cache worker for journal cache (C:\Users\mejia\.gradle\caches\journal-1)" [_thread_blocked, id=10968, stack(0x000000cd9ce00000,0x000000cd9cf00000)]
  0x00000245f5bba000 JavaThread "Cache worker for execution history cache (C:\Users\mejia\.gradle\caches\6.0.1\executionHistory)" [_thread_blocked, id=9488, stack(0x000000cd9d300000,0x000000cd9d400000)]
  0x00000245f5bbe800 JavaThread "Memory manager" [_thread_blocked, id=27016, stack(0x000000cd9dc00000,0x000000cd9dd00000)]
  0x00000245f5bb6800 JavaThread "Daemon Thread 3" [_thread_blocked, id=9492, stack(0x000000cd9ab00000,0x000000cd9ac00000)]
  0x00000245f5bbb800 JavaThread "Daemon worker Thread 3" [_thread_blocked, id=16428, stack(0x000000cd9c500000,0x000000cd9c600000)]
  0x00000245f5bba800 JavaThread "Handler for socket connection from /127.0.0.1:28395 to /127.0.0.1:28455" [_thread_in_native, id=23336, stack(0x000000cd9ac00000,0x000000cd9ad00000)]
  0x00000245f5bb5800 JavaThread "Cancel handler" [_thread_blocked, id=15608, stack(0x000000cd9ad00000,0x000000cd9ae00000)]
  0x00000245f5bb7800 JavaThread "Asynchronous log dispatcher for DefaultDaemonConnection: socket connection from /127.0.0.1:28395 to /127.0.0.1:28455" [_thread_blocked, id=21400, stack(0x000000cd9c600000,0x000000cd9c700000)]
  0x00000245f5bb9000 JavaThread "Stdin handler" [_thread_blocked, id=12868, stack(0x000000cd9c700000,0x000000cd9c800000)]
  0x00000245f5bbe000 JavaThread "Thread-68" [_thread_blocked, id=1396, stack(0x000000cd9c800000,0x000000cd9c900000)]
  0x00000245f5bb8000 JavaThread "Cache worker for file hash cache (C:\Users\mejia\Documents\RNProjects\palmercao\android\.gradle\6.0.1\fileHashes)" [_thread_blocked, id=23396, stack(0x000000cd9c900000,0x000000cd9ca00000)]
  0x00000245f5bc3800 JavaThread "Cache worker for cache directory md-supplier (C:\Users\mejia\.gradle\caches\6.0.1\md-supplier)" [_thread_blocked, id=13340, stack(0x000000cd9ca00000,0x000000cd9cb00000)]
  0x00000245f5bbf800 JavaThread "Cache worker for cache directory md-rule (C:\Users\mejia\.gradle\caches\6.0.1\md-rule)" [_thread_blocked, id=14340, stack(0x000000cd9cb00000,0x000000cd9cc00000)]
  0x00000245f5bc2000 JavaThread "Build operations" [_thread_blocked, id=21632, stack(0x000000cd9cf00000,0x000000cd9d000000)]
  0x00000245f5bc4800 JavaThread "Build operations Thread 2" [_thread_blocked, id=20348, stack(0x000000cd9d000000,0x000000cd9d100000)]
  0x00000245f2d0e000 JavaThread "Build operations Thread 3" [_thread_blocked, id=19108, stack(0x000000cd9d100000,0x000000cd9d200000)]
  0x00000245f2d08800 JavaThread "Build operations Thread 4" [_thread_blocked, id=19848, stack(0x000000cd9d200000,0x000000cd9d300000)]
  0x00000245f2d0f000 JavaThread "pool-4-thread-1" [_thread_blocked, id=23948, stack(0x000000cd9d400000,0x000000cd9d500000)]
  0x000002458b754800 JavaThread "Cache worker for Build Output Cleanup Cache (C:\Users\mejia\Documents\RNProjects\palmercao\android\.gradle\buildOutputCleanup)" [_thread_blocked, id=9728, stack(0x000000cd9d500000,0x000000cd9d600000)]
  0x000002458b757000 JavaThread "Cache worker for file content cache (C:\Users\mejia\.gradle\caches\6.0.1\fileContent)" [_thread_blocked, id=25132, stack(0x000000cd9d600000,0x000000cd9d700000)]
  0x000002458b754000 JavaThread "Cache worker for file content cache (C:\Users\mejia\Documents\RNProjects\palmercao\android\.gradle\6.0.1\fileContent)" [_thread_blocked, id=22192, stack(0x000000cd9d700000,0x000000cd9d800000)]
  0x000002458b755800 JavaThread "Execution worker for ':'" [_thread_blocked, id=10092, stack(0x000000cd9d900000,0x000000cd9da00000)]
  0x000002458b753000 JavaThread "Execution worker for ':' Thread 2" [_thread_blocked, id=8852, stack(0x000000cd9da00000,0x000000cd9db00000)]
  0x000002458b758000 JavaThread "Execution worker for ':' Thread 3" [_thread_blocked, id=23060, stack(0x000000cd9db00000,0x000000cd9dc00000)]
  0x00000245f54d0000 JavaThread "C2 CompilerThread1" daemon [_thread_in_native, id=14616, stack(0x000000cd9d800000,0x000000cd9d900000)]

Other Threads:
  0x00000245f0b2e000 VMThread "VM Thread" [stack: 0x000000cd9b400000,0x000000cd9b500000] [id=2520]
  0x00000245f163e800 WatcherThread [stack: 0x000000cd9be00000,0x000000cd9bf00000] [id=21708]
  0x00000245d5f40800 GCTaskThread "GC Thread#0" [stack: 0x000000cd9af00000,0x000000cd9b000000] [id=15712]
  0x00000245f1e45800 GCTaskThread "GC Thread#1" [stack: 0x000000cd9c000000,0x000000cd9c100000] [id=12364]
  0x00000245f1a14800 GCTaskThread "GC Thread#2" [stack: 0x000000cd9c100000,0x000000cd9c200000] [id=6840]
  0x00000245f1b72800 GCTaskThread "GC Thread#3" [stack: 0x000000cd9c200000,0x000000cd9c300000] [id=3820]
  0x00000245d5f45800 ConcurrentGCThread "G1 Main Marker" [stack: 0x000000cd9b000000,0x000000cd9b100000] [id=17392]
  0x00000245d5f48800 ConcurrentGCThread "G1 Conc#0" [stack: 0x000000cd9b100000,0x000000cd9b200000] [id=23412]
  0x00000245d5fed800 ConcurrentGCThread "G1 Refine#0" [stack: 0x000000cd9b200000,0x000000cd9b300000] [id=14756]
  0x00000245f09de800 ConcurrentGCThread "G1 Young RemSet Sampling" [stack: 0x000000cd9b300000,0x000000cd9b400000] [id=9792]

Threads with active compile tasks:
C2 CompilerThread0  15102       4       org.objectweb.asm.commons.Remapper::mapDesc (131 bytes)
C2 CompilerThread1  15019 %     4       org.objectweb.asm.ClassReader::readCode @ 1446 (3575 bytes)

VM state:at safepoint (normal execution)

VM Mutex/Monitor currently owned by a thread:  ([mutex/lock_event])
[0x00000245d5f1bfd0] Threads_lock - owner thread: 0x00000245f0b2e000
[0x00000245d5f1c960] Heap_lock - owner thread: 0x00000245d5f45800

Heap address: 0x00000000e0000000, size: 512 MB, Compressed Oops mode: 32-bit
Narrow klass base: 0x0000000800000000, Narrow klass shift: 3
Compressed class space size: 260046848 Address: 0x0000000801190000

Heap:
 garbage-first heap   total 342016K, used 201149K [0x00000000e0000000, 0x0000000100000000)
  region size 1024K, 25 young (25600K), 6 survivors (6144K)
 Metaspace       used 84325K, capacity 87661K, committed 87808K, reserved 331776K
  class space    used 10639K, capacity 11706K, committed 11776K, reserved 253952K
Heap Regions: E=young(eden), S=young(survivor), O=old, HS=humongous(starts), HC=humongous(continues), CS=collection set, F=free, A=archive, TAMS=top-at-mark-start (previous, next)
|   0|0x00000000e0000000, 0x00000000e00ffff0, 0x00000000e0100000| 99%| O|  |TAMS 0x00000000e00ffff0, 0x00000000e0000000| Updating 
|   1|0x00000000e0100000, 0x00000000e01facf8, 0x00000000e0200000| 97%| O|  |TAMS 0x00000000e01facf8, 0x00000000e0100000| Updating 
|   2|0x00000000e0200000, 0x00000000e02fffd8, 0x00000000e0300000| 99%| O|  |TAMS 0x00000000e02fffd8, 0x00000000e0200000| Updating 
|   3|0x00000000e0300000, 0x00000000e0400000, 0x00000000e0400000|100%|HS|  |TAMS 0x00000000e0400000, 0x00000000e0300000| Complete 
|   4|0x00000000e0400000, 0x00000000e0500000, 0x00000000e0500000|100%|HC|  |TAMS 0x00000000e0500000, 0x00000000e0400000| Complete 
|   5|0x00000000e0500000, 0x00000000e0600000, 0x00000000e0600000|100%|HC|  |TAMS 0x00000000e0600000, 0x00000000e0500000| Complete 
|   6|0x00000000e0600000, 0x00000000e06f8f28, 0x00000000e0700000| 97%| O|  |TAMS 0x00000000e06f8f28, 0x00000000e0600000| Updating 
|   7|0x00000000e0700000, 0x00000000e07fc818, 0x00000000e0800000| 98%| O|  |TAMS 0x00000000e07fc818, 0x00000000e0700000| Updating 
|   8|0x00000000e0800000, 0x00000000e08ffff0, 0x00000000e0900000| 99%| O|  |TAMS 0x00000000e08ffff0, 0x00000000e0800000| Updating 
|   9|0x00000000e0900000, 0x00000000e09fffc0, 0x00000000e0a00000| 99%| O|  |TAMS 0x00000000e09fffc0, 0x00000000e0900000| Updating 
|  10|0x00000000e0a00000, 0x00000000e0aff578, 0x00000000e0b00000| 99%| O|  |TAMS 0x00000000e0aff578, 0x00000000e0a00000| Updating 
|  11|0x00000000e0b00000, 0x00000000e0bffff0, 0x00000000e0c00000| 99%| O|  |TAMS 0x00000000e0bffff0, 0x00000000e0b00000| Updating 
|  12|0x00000000e0c00000, 0x00000000e0cffff0, 0x00000000e0d00000| 99%| O|  |TAMS 0x00000000e0cffff0, 0x00000000e0c00000| Updating 
|  13|0x00000000e0d00000, 0x00000000e0e00000, 0x00000000e0e00000|100%|HS|  |TAMS 0x00000000e0e00000, 0x00000000e0d00000| Complete 
|  14|0x00000000e0e00000, 0x00000000e0f00000, 0x00000000e0f00000|100%|HC|  |TAMS 0x00000000e0f00000, 0x00000000e0e00000| Complete 
|  15|0x00000000e0f00000, 0x00000000e0ffffe8, 0x00000000e1000000| 99%| O|  |TAMS 0x00000000e0ffffe8, 0x00000000e0f00000| Updating 
|  16|0x00000000e1000000, 0x00000000e10ffff0, 0x00000000e1100000| 99%| O|  |TAMS 0x00000000e10ffff0, 0x00000000e1000000| Updating 
|  17|0x00000000e1100000, 0x00000000e1200000, 0x00000000e1200000|100%| O|  |TAMS 0x00000000e1200000, 0x00000000e1100000| Updating 
|  18|0x00000000e1200000, 0x00000000e12ffff8, 0x00000000e1300000| 99%| O|  |TAMS 0x00000000e12ffff8, 0x00000000e1200000| Updating 
|  19|0x00000000e1300000, 0x00000000e1400000, 0x00000000e1400000|100%| O|  |TAMS 0x00000000e1400000, 0x00000000e1300000| Updating 
|  20|0x00000000e1400000, 0x00000000e1500000, 0x00000000e1500000|100%| O|  |TAMS 0x00000000e1500000, 0x00000000e1400000| Updating 
|  21|0x00000000e1500000, 0x00000000e15fffe8, 0x00000000e1600000| 99%| O|  |TAMS 0x00000000e15fffe8, 0x00000000e1500000| Updating 
|  22|0x00000000e1600000, 0x00000000e16fffc8, 0x00000000e1700000| 99%| O|  |TAMS 0x00000000e16fffc8, 0x00000000e1600000| Updating 
|  23|0x00000000e1700000, 0x00000000e1800000, 0x00000000e1800000|100%| O|  |TAMS 0x00000000e1800000, 0x00000000e1700000| Updating 
|  24|0x00000000e1800000, 0x00000000e18fffa8, 0x00000000e1900000| 99%| O|  |TAMS 0x00000000e18fffa8, 0x00000000e1800000| Updating 
|  25|0x00000000e1900000, 0x00000000e19fc300, 0x00000000e1a00000| 98%| O|  |TAMS 0x00000000e19fc300, 0x00000000e1900000| Updating 
|  26|0x00000000e1a00000, 0x00000000e1afffd8, 0x00000000e1b00000| 99%| O|  |TAMS 0x00000000e1afffd8, 0x00000000e1a00000| Updating 
|  27|0x00000000e1b00000, 0x00000000e1bfffe8, 0x00000000e1c00000| 99%| O|  |TAMS 0x00000000e1bfffe8, 0x00000000e1b00000| Updating 
|  28|0x00000000e1c00000, 0x00000000e1d00000, 0x00000000e1d00000|100%| O|  |TAMS 0x00000000e1d00000, 0x00000000e1c00000| Updating 
|  29|0x00000000e1d00000, 0x00000000e1dd67f8, 0x00000000e1e00000| 83%| O|  |TAMS 0x00000000e1dd67f8, 0x00000000e1d00000| Updating 
|  30|0x00000000e1e00000, 0x00000000e1f00000, 0x00000000e1f00000|100%| O|  |TAMS 0x00000000e1f00000, 0x00000000e1e00000| Updating 
|  31|0x00000000e1f00000, 0x00000000e1ffffe8, 0x00000000e2000000| 99%| O|  |TAMS 0x00000000e1ffffe8, 0x00000000e1f00000| Updating 
|  32|0x00000000e2000000, 0x00000000e20fffe0, 0x00000000e2100000| 99%| O|  |TAMS 0x00000000e20fffe0, 0x00000000e2000000| Updating 
|  33|0x00000000e2100000, 0x00000000e21ffff8, 0x00000000e2200000| 99%| O|  |TAMS 0x00000000e21ffff8, 0x00000000e2100000| Updating 
|  34|0x00000000e2200000, 0x00000000e22ffff8, 0x00000000e2300000| 99%| O|  |TAMS 0x00000000e22ffff8, 0x00000000e2200000| Updating 
|  35|0x00000000e2300000, 0x00000000e23ffff0, 0x00000000e2400000| 99%| O|  |TAMS 0x00000000e23ffff0, 0x00000000e2300000| Updating 
|  36|0x00000000e2400000, 0x00000000e2500000, 0x00000000e2500000|100%| O|  |TAMS 0x00000000e2500000, 0x00000000e2400000| Updating 
|  37|0x00000000e2500000, 0x00000000e25ffff8, 0x00000000e2600000| 99%| O|  |TAMS 0x00000000e25ffff8, 0x00000000e2500000| Updating 
|  38|0x00000000e2600000, 0x00000000e2700000, 0x00000000e2700000|100%| O|  |TAMS 0x00000000e2700000, 0x00000000e2600000| Updating 
|  39|0x00000000e2700000, 0x00000000e27fffd0, 0x00000000e2800000| 99%| O|  |TAMS 0x00000000e27fffd0, 0x00000000e2700000| Updating 
|  40|0x00000000e2800000, 0x00000000e28ffff8, 0x00000000e2900000| 99%| O|  |TAMS 0x00000000e28ffff8, 0x00000000e2800000| Updating 
|  41|0x00000000e2900000, 0x00000000e29fffe8, 0x00000000e2a00000| 99%| O|  |TAMS 0x00000000e29fffe8, 0x00000000e2900000| Updating 
|  42|0x00000000e2a00000, 0x00000000e2afffe8, 0x00000000e2b00000| 99%| O|  |TAMS 0x00000000e2afffe8, 0x00000000e2a00000| Updating 
|  43|0x00000000e2b00000, 0x00000000e2bfffe8, 0x00000000e2c00000| 99%| O|  |TAMS 0x00000000e2bfffe8, 0x00000000e2b00000| Updating 
|  44|0x00000000e2c00000, 0x00000000e2d00000, 0x00000000e2d00000|100%|HS|  |TAMS 0x00000000e2d00000, 0x00000000e2c00000| Complete 
|  45|0x00000000e2d00000, 0x00000000e2e00000, 0x00000000e2e00000|100%|HC|  |TAMS 0x00000000e2e00000, 0x00000000e2d00000| Complete 
|  46|0x00000000e2e00000, 0x00000000e2f00000, 0x00000000e2f00000|100%|HC|  |TAMS 0x00000000e2f00000, 0x00000000e2e00000| Complete 
|  47|0x00000000e2f00000, 0x00000000e3000000, 0x00000000e3000000|100%| O|  |TAMS 0x00000000e3000000, 0x00000000e2f00000| Updating 
|  48|0x00000000e3000000, 0x00000000e30ffff8, 0x00000000e3100000| 99%| O|  |TAMS 0x00000000e30ffff8, 0x00000000e3000000| Updating 
|  49|0x00000000e3100000, 0x00000000e31ffff8, 0x00000000e3200000| 99%| O|  |TAMS 0x00000000e31ffff8, 0x00000000e3100000| Updating 
|  50|0x00000000e3200000, 0x00000000e32ffff0, 0x00000000e3300000| 99%| O|  |TAMS 0x00000000e32ffff0, 0x00000000e3200000| Updating 
|  51|0x00000000e3300000, 0x00000000e3400000, 0x00000000e3400000|100%| O|  |TAMS 0x00000000e3400000, 0x00000000e3300000| Updating 
|  52|0x00000000e3400000, 0x00000000e34fff00, 0x00000000e3500000| 99%| O|  |TAMS 0x00000000e34fff00, 0x00000000e3400000| Updating 
|  53|0x00000000e3500000, 0x00000000e35ffff8, 0x00000000e3600000| 99%| O|  |TAMS 0x00000000e35ffff8, 0x00000000e3500000| Updating 
|  54|0x00000000e3600000, 0x00000000e3700000, 0x00000000e3700000|100%| O|  |TAMS 0x00000000e3700000, 0x00000000e3600000| Updating 
|  55|0x00000000e3700000, 0x00000000e37fa488, 0x00000000e3800000| 97%| O|  |TAMS 0x00000000e37fa488, 0x00000000e3700000| Updating 
|  56|0x00000000e3800000, 0x00000000e38ffff8, 0x00000000e3900000| 99%| O|  |TAMS 0x00000000e38ffff8, 0x00000000e3800000| Updating 
|  57|0x00000000e3900000, 0x00000000e39fffd0, 0x00000000e3a00000| 99%| O|  |TAMS 0x00000000e39fffd0, 0x00000000e3900000| Updating 
|  58|0x00000000e3a00000, 0x00000000e3affcf0, 0x00000000e3b00000| 99%| O|  |TAMS 0x00000000e3affcf0, 0x00000000e3a00000| Updating 
|  59|0x00000000e3b00000, 0x00000000e3bfffd8, 0x00000000e3c00000| 99%| O|  |TAMS 0x00000000e3bfffd8, 0x00000000e3b00000| Updating 
|  60|0x00000000e3c00000, 0x00000000e3d00000, 0x00000000e3d00000|100%| O|  |TAMS 0x00000000e3d00000, 0x00000000e3c00000| Updating 
|  61|0x00000000e3d00000, 0x00000000e3dffd18, 0x00000000e3e00000| 99%| O|  |TAMS 0x00000000e3dffd18, 0x00000000e3d00000| Updating 
|  62|0x00000000e3e00000, 0x00000000e3f00000, 0x00000000e3f00000|100%| O|  |TAMS 0x00000000e3f00000, 0x00000000e3e00000| Updating 
|  63|0x00000000e3f00000, 0x00000000e4000000, 0x00000000e4000000|100%| O|  |TAMS 0x00000000e4000000, 0x00000000e3f00000| Updating 
|  64|0x00000000e4000000, 0x00000000e40f59e0, 0x00000000e4100000| 95%| O|  |TAMS 0x00000000e40f59e0, 0x00000000e4000000| Updating 
|  65|0x00000000e4100000, 0x00000000e4200000, 0x00000000e4200000|100%| O|  |TAMS 0x00000000e4200000, 0x00000000e4100000| Updating 
|  66|0x00000000e4200000, 0x00000000e4300000, 0x00000000e4300000|100%| O|  |TAMS 0x00000000e4300000, 0x00000000e4200000| Updating 
|  67|0x00000000e4300000, 0x00000000e43ff5d8, 0x00000000e4400000| 99%| O|  |TAMS 0x00000000e43ff5d8, 0x00000000e4300000| Updating 
|  68|0x00000000e4400000, 0x00000000e44ffff0, 0x00000000e4500000| 99%| O|  |TAMS 0x00000000e44ffff0, 0x00000000e4400000| Updating 
|  69|0x00000000e4500000, 0x00000000e45ffff8, 0x00000000e4600000| 99%| O|  |TAMS 0x00000000e45ffff8, 0x00000000e4500000| Updating 
|  70|0x00000000e4600000, 0x00000000e46ffff8, 0x00000000e4700000| 99%| O|  |TAMS 0x00000000e46ffff8, 0x00000000e4600000| Updating 
|  71|0x00000000e4700000, 0x00000000e4800000, 0x00000000e4800000|100%| O|  |TAMS 0x00000000e4800000, 0x00000000e4700000| Updating 
|  72|0x00000000e4800000, 0x00000000e48ffff8, 0x00000000e4900000| 99%| O|  |TAMS 0x00000000e48ffff8, 0x00000000e4800000| Updating 
|  73|0x00000000e4900000, 0x00000000e49fed50, 0x00000000e4a00000| 99%| O|  |TAMS 0x00000000e49fed50, 0x00000000e4900000| Updating 
|  74|0x00000000e4a00000, 0x00000000e4afffe8, 0x00000000e4b00000| 99%| O|  |TAMS 0x00000000e4afffe8, 0x00000000e4a00000| Updating 
|  75|0x00000000e4b00000, 0x00000000e4bfffe8, 0x00000000e4c00000| 99%| O|  |TAMS 0x00000000e4bfffe8, 0x00000000e4b00000| Updating 
|  76|0x00000000e4c00000, 0x00000000e4ce6e60, 0x00000000e4d00000| 90%| O|  |TAMS 0x00000000e4ce6e60, 0x00000000e4c00000| Updating 
|  77|0x00000000e4d00000, 0x00000000e4d69e90, 0x00000000e4e00000| 41%| O|  |TAMS 0x00000000e4d69e90, 0x00000000e4d00000| Updating 
|  78|0x00000000e4e00000, 0x00000000e4ebdd88, 0x00000000e4f00000| 74%| O|  |TAMS 0x00000000e4ebdd88, 0x00000000e4e00000| Updating 
|  79|0x00000000e4f00000, 0x00000000e5000000, 0x00000000e5000000|100%| O|  |TAMS 0x00000000e5000000, 0x00000000e4f00000| Updating 
|  80|0x00000000e5000000, 0x00000000e5100000, 0x00000000e5100000|100%| O|  |TAMS 0x00000000e5100000, 0x00000000e5000000| Updating 
|  81|0x00000000e5100000, 0x00000000e5200000, 0x00000000e5200000|100%| O|  |TAMS 0x00000000e5200000, 0x00000000e5100000| Updating 
|  82|0x00000000e5200000, 0x00000000e5300000, 0x00000000e5300000|100%| O|  |TAMS 0x00000000e5300000, 0x00000000e5200000| Updating 
|  83|0x00000000e5300000, 0x00000000e5400000, 0x00000000e5400000|100%| O|  |TAMS 0x00000000e5400000, 0x00000000e5300000| Updating 
|  84|0x00000000e5400000, 0x00000000e5500000, 0x00000000e5500000|100%| O|  |TAMS 0x00000000e5500000, 0x00000000e5400000| Updating 
|  85|0x00000000e5500000, 0x00000000e5600000, 0x00000000e5600000|100%| O|  |TAMS 0x00000000e5600000, 0x00000000e5500000| Updating 
|  86|0x00000000e5600000, 0x00000000e5700000, 0x00000000e5700000|100%| O|  |TAMS 0x00000000e5700000, 0x00000000e5600000| Updating 
|  87|0x00000000e5700000, 0x00000000e5800000, 0x00000000e5800000|100%| O|  |TAMS 0x00000000e5800000, 0x00000000e5700000| Updating 
|  88|0x00000000e5800000, 0x00000000e5900000, 0x00000000e5900000|100%| O|  |TAMS 0x00000000e5900000, 0x00000000e5800000| Updating 
|  89|0x00000000e5900000, 0x00000000e5a00000, 0x00000000e5a00000|100%| O|  |TAMS 0x00000000e5a00000, 0x00000000e5900000| Updating 
|  90|0x00000000e5a00000, 0x00000000e5b00000, 0x00000000e5b00000|100%| O|  |TAMS 0x00000000e5b00000, 0x00000000e5a00000| Updating 
|  91|0x00000000e5b00000, 0x00000000e5c00000, 0x00000000e5c00000|100%| O|  |TAMS 0x00000000e5c00000, 0x00000000e5b00000| Updating 
|  92|0x00000000e5c00000, 0x00000000e5d00000, 0x00000000e5d00000|100%| O|  |TAMS 0x00000000e5d00000, 0x00000000e5c00000| Updating 
|  93|0x00000000e5d00000, 0x00000000e5e00000, 0x00000000e5e00000|100%|HS|  |TAMS 0x00000000e5e00000, 0x00000000e5d00000| Complete 
|  94|0x00000000e5e00000, 0x00000000e5f00000, 0x00000000e5f00000|100%|HC|  |TAMS 0x00000000e5f00000, 0x00000000e5e00000| Complete 
|  95|0x00000000e5f00000, 0x00000000e5f00000, 0x00000000e6000000|  0%| F|  |TAMS 0x00000000e5f00000, 0x00000000e5f00000| Untracked 
|  96|0x00000000e6000000, 0x00000000e6100000, 0x00000000e6100000|100%| O|  |TAMS 0x00000000e6000000, 0x00000000e6000000| Untracked 
|  97|0x00000000e6100000, 0x00000000e6200000, 0x00000000e6200000|100%|HS|  |TAMS 0x00000000e6200000, 0x00000000e6100000| Complete 
|  98|0x00000000e6200000, 0x00000000e6300000, 0x00000000e6300000|100%|HS|  |TAMS 0x00000000e6300000, 0x00000000e6200000| Complete 
|  99|0x00000000e6300000, 0x00000000e6400000, 0x00000000e6400000|100%|HS|  |TAMS 0x00000000e6400000, 0x00000000e6300000| Complete 
| 100|0x00000000e6400000, 0x00000000e6500000, 0x00000000e6500000|100%|HC|  |TAMS 0x00000000e6500000, 0x00000000e6400000| Complete 
| 101|0x00000000e6500000, 0x00000000e6600000, 0x00000000e6600000|100%|HC|  |TAMS 0x00000000e6600000, 0x00000000e6500000| Complete 
| 102|0x00000000e6600000, 0x00000000e6600000, 0x00000000e6700000|  0%| F|  |TAMS 0x00000000e6600000, 0x00000000e6600000| Untracked 
| 103|0x00000000e6700000, 0x00000000e6700000, 0x00000000e6800000|  0%| F|  |TAMS 0x00000000e6700000, 0x00000000e6700000| Untracked 
| 104|0x00000000e6800000, 0x00000000e6900000, 0x00000000e6900000|100%|HS|  |TAMS 0x00000000e6900000, 0x00000000e6800000| Complete 
| 105|0x00000000e6900000, 0x00000000e6900000, 0x00000000e6a00000|  0%| F|  |TAMS 0x00000000e6900000, 0x00000000e6900000| Untracked 
| 106|0x00000000e6a00000, 0x00000000e6a00000, 0x00000000e6b00000|  0%| F|  |TAMS 0x00000000e6a00000, 0x00000000e6a00000| Untracked 
| 107|0x00000000e6b00000, 0x00000000e6b00000, 0x00000000e6c00000|  0%| F|  |TAMS 0x00000000e6b00000, 0x00000000e6b00000| Untracked 
| 108|0x00000000e6c00000, 0x00000000e6d00000, 0x00000000e6d00000|100%|HS|  |TAMS 0x00000000e6d00000, 0x00000000e6c00000| Complete 
| 109|0x00000000e6d00000, 0x00000000e6e00000, 0x00000000e6e00000|100%|HS|  |TAMS 0x00000000e6e00000, 0x00000000e6d00000| Complete 
| 110|0x00000000e6e00000, 0x00000000e6f00000, 0x00000000e6f00000|100%|HC|  |TAMS 0x00000000e6f00000, 0x00000000e6e00000| Complete 
| 111|0x00000000e6f00000, 0x00000000e7000000, 0x00000000e7000000|100%| O|  |TAMS 0x00000000e6f00000, 0x00000000e6f00000| Untracked 
| 112|0x00000000e7000000, 0x00000000e7100000, 0x00000000e7100000|100%| O|  |TAMS 0x00000000e7000000, 0x00000000e7000000| Untracked 
| 113|0x00000000e7100000, 0x00000000e7200000, 0x00000000e7200000|100%| O|  |TAMS 0x00000000e7100000, 0x00000000e7100000| Untracked 
| 114|0x00000000e7200000, 0x00000000e7246800, 0x00000000e7300000| 27%| O|  |TAMS 0x00000000e7200000, 0x00000000e7200000| Updating 
| 115|0x00000000e7300000, 0x00000000e7400000, 0x00000000e7400000|100%| O|  |TAMS 0x00000000e7400000, 0x00000000e7300000| Updating 
| 116|0x00000000e7400000, 0x00000000e7500000, 0x00000000e7500000|100%| O|  |TAMS 0x00000000e7500000, 0x00000000e7400000| Updating 
| 117|0x00000000e7500000, 0x00000000e7600000, 0x00000000e7600000|100%| O|  |TAMS 0x00000000e7600000, 0x00000000e7500000| Updating 
| 118|0x00000000e7600000, 0x00000000e7700000, 0x00000000e7700000|100%| O|  |TAMS 0x00000000e7700000, 0x00000000e7600000| Updating 
| 119|0x00000000e7700000, 0x00000000e7800000, 0x00000000e7800000|100%| O|  |TAMS 0x00000000e7800000, 0x00000000e7700000| Updating 
| 120|0x00000000e7800000, 0x00000000e7900000, 0x00000000e7900000|100%| O|  |TAMS 0x00000000e7900000, 0x00000000e7800000| Updating 
| 121|0x00000000e7900000, 0x00000000e7a00000, 0x00000000e7a00000|100%| O|  |TAMS 0x00000000e7a00000, 0x00000000e7900000| Updating 
| 122|0x00000000e7a00000, 0x00000000e7b00000, 0x00000000e7b00000|100%| O|  |TAMS 0x00000000e7b00000, 0x00000000e7a00000| Updating 
| 123|0x00000000e7b00000, 0x00000000e7c00000, 0x00000000e7c00000|100%| O|  |TAMS 0x00000000e7c00000, 0x00000000e7b00000| Updating 
| 124|0x00000000e7c00000, 0x00000000e7d00000, 0x00000000e7d00000|100%| O|  |TAMS 0x00000000e7d00000, 0x00000000e7c00000| Updating 
| 125|0x00000000e7d00000, 0x00000000e7e00000, 0x00000000e7e00000|100%| O|  |TAMS 0x00000000e7e00000, 0x00000000e7d00000| Updating 
| 126|0x00000000e7e00000, 0x00000000e7f00000, 0x00000000e7f00000|100%| O|  |TAMS 0x00000000e7f00000, 0x00000000e7e00000| Updating 
| 127|0x00000000e7f00000, 0x00000000e8000000, 0x00000000e8000000|100%|HS|  |TAMS 0x00000000e8000000, 0x00000000e7f00000| Complete 
| 128|0x00000000e8000000, 0x00000000e8100000, 0x00000000e8100000|100%|HS|  |TAMS 0x00000000e8100000, 0x00000000e8000000| Complete 
| 129|0x00000000e8100000, 0x00000000e8200000, 0x00000000e8200000|100%| O|  |TAMS 0x00000000e8200000, 0x00000000e8100000| Updating 
| 130|0x00000000e8200000, 0x00000000e8300000, 0x00000000e8300000|100%| O|  |TAMS 0x00000000e8300000, 0x00000000e8200000| Updating 
| 131|0x00000000e8300000, 0x00000000e8400000, 0x00000000e8400000|100%| O|  |TAMS 0x00000000e8400000, 0x00000000e8300000| Updating 
| 132|0x00000000e8400000, 0x00000000e8500000, 0x00000000e8500000|100%| O|  |TAMS 0x00000000e8500000, 0x00000000e8400000| Updating 
| 133|0x00000000e8500000, 0x00000000e8500000, 0x00000000e8600000|  0%| F|  |TAMS 0x00000000e8500000, 0x00000000e8500000| Untracked 
| 134|0x00000000e8600000, 0x00000000e8600000, 0x00000000e8700000|  0%| F|  |TAMS 0x00000000e8600000, 0x00000000e8600000| Untracked 
| 135|0x00000000e8700000, 0x00000000e8700000, 0x00000000e8800000|  0%| F|  |TAMS 0x00000000e8700000, 0x00000000e8700000| Untracked 
| 136|0x00000000e8800000, 0x00000000e8900000, 0x00000000e8900000|100%|HS|  |TAMS 0x00000000e8900000, 0x00000000e8800000| Complete 
| 137|0x00000000e8900000, 0x00000000e8900000, 0x00000000e8a00000|  0%| F|  |TAMS 0x00000000e8900000, 0x00000000e8900000| Untracked 
| 138|0x00000000e8a00000, 0x00000000e8a00000, 0x00000000e8b00000|  0%| F|  |TAMS 0x00000000e8a00000, 0x00000000e8a00000| Untracked 
| 139|0x00000000e8b00000, 0x00000000e8b00000, 0x00000000e8c00000|  0%| F|  |TAMS 0x00000000e8b00000, 0x00000000e8b00000| Untracked 
| 140|0x00000000e8c00000, 0x00000000e8d00000, 0x00000000e8d00000|100%|HS|  |TAMS 0x00000000e8d00000, 0x00000000e8c00000| Complete 
| 141|0x00000000e8d00000, 0x00000000e8d00000, 0x00000000e8e00000|  0%| F|  |TAMS 0x00000000e8d00000, 0x00000000e8d00000| Untracked 
| 142|0x00000000e8e00000, 0x00000000e8f00000, 0x00000000e8f00000|100%|HS|  |TAMS 0x00000000e8f00000, 0x00000000e8e00000| Complete 
| 143|0x00000000e8f00000, 0x00000000e9000000, 0x00000000e9000000|100%|HC|  |TAMS 0x00000000e9000000, 0x00000000e8f00000| Complete 
| 144|0x00000000e9000000, 0x00000000e9000000, 0x00000000e9100000|  0%| F|  |TAMS 0x00000000e9000000, 0x00000000e9000000| Untracked 
| 145|0x00000000e9100000, 0x00000000e9100000, 0x00000000e9200000|  0%| F|  |TAMS 0x00000000e9100000, 0x00000000e9100000| Untracked 
| 146|0x00000000e9200000, 0x00000000e9200000, 0x00000000e9300000|  0%| F|  |TAMS 0x00000000e9200000, 0x00000000e9200000| Untracked 
| 147|0x00000000e9300000, 0x00000000e9400000, 0x00000000e9400000|100%|HS|  |TAMS 0x00000000e9400000, 0x00000000e9300000| Complete 
| 148|0x00000000e9400000, 0x00000000e9400000, 0x00000000e9500000|  0%| F|  |TAMS 0x00000000e9400000, 0x00000000e9400000| Untracked 
| 149|0x00000000e9500000, 0x00000000e9500000, 0x00000000e9600000|  0%| F|  |TAMS 0x00000000e9500000, 0x00000000e9500000| Untracked 
| 150|0x00000000e9600000, 0x00000000e9600000, 0x00000000e9700000|  0%| F|  |TAMS 0x00000000e9600000, 0x00000000e9600000| Untracked 
| 151|0x00000000e9700000, 0x00000000e9800000, 0x00000000e9800000|100%|HS|  |TAMS 0x00000000e9800000, 0x00000000e9700000| Complete 
| 152|0x00000000e9800000, 0x00000000e9800000, 0x00000000e9900000|  0%| F|  |TAMS 0x00000000e9800000, 0x00000000e9800000| Untracked 
| 153|0x00000000e9900000, 0x00000000e9900000, 0x00000000e9a00000|  0%| F|  |TAMS 0x00000000e9900000, 0x00000000e9900000| Untracked 
| 154|0x00000000e9a00000, 0x00000000e9a00000, 0x00000000e9b00000|  0%| F|  |TAMS 0x00000000e9a00000, 0x00000000e9a00000| Untracked 
| 155|0x00000000e9b00000, 0x00000000e9c00000, 0x00000000e9c00000|100%|HS|  |TAMS 0x00000000e9c00000, 0x00000000e9b00000| Complete 
| 156|0x00000000e9c00000, 0x00000000e9d00000, 0x00000000e9d00000|100%|HS|  |TAMS 0x00000000e9d00000, 0x00000000e9c00000| Complete 
| 157|0x00000000e9d00000, 0x00000000e9e00000, 0x00000000e9e00000|100%|HC|  |TAMS 0x00000000e9e00000, 0x00000000e9d00000| Complete 
| 158|0x00000000e9e00000, 0x00000000e9e00000, 0x00000000e9f00000|  0%| F|  |TAMS 0x00000000e9e00000, 0x00000000e9e00000| Untracked 
| 159|0x00000000e9f00000, 0x00000000ea000000, 0x00000000ea000000|100%| O|  |TAMS 0x00000000ea000000, 0x00000000e9f00000| Updating 
| 160|0x00000000ea000000, 0x00000000ea100000, 0x00000000ea100000|100%| O|  |TAMS 0x00000000ea100000, 0x00000000ea000000| Updating 
| 161|0x00000000ea100000, 0x00000000ea200000, 0x00000000ea200000|100%| O|  |TAMS 0x00000000ea200000, 0x00000000ea100000| Updating 
| 162|0x00000000ea200000, 0x00000000ea300000, 0x00000000ea300000|100%| O|  |TAMS 0x00000000ea300000, 0x00000000ea200000| Updating 
| 163|0x00000000ea300000, 0x00000000ea400000, 0x00000000ea400000|100%| O|  |TAMS 0x00000000ea400000, 0x00000000ea300000| Updating 
| 164|0x00000000ea400000, 0x00000000ea500000, 0x00000000ea500000|100%| O|  |TAMS 0x00000000ea500000, 0x00000000ea400000| Updating 
| 165|0x00000000ea500000, 0x00000000ea600000, 0x00000000ea600000|100%| O|  |TAMS 0x00000000ea600000, 0x00000000ea500000| Updating 
| 166|0x00000000ea600000, 0x00000000ea700000, 0x00000000ea700000|100%| O|  |TAMS 0x00000000ea700000, 0x00000000ea600000| Updating 
| 167|0x00000000ea700000, 0x00000000ea800000, 0x00000000ea800000|100%| O|  |TAMS 0x00000000ea800000, 0x00000000ea700000| Updating 
| 168|0x00000000ea800000, 0x00000000ea900000, 0x00000000ea900000|100%| O|  |TAMS 0x00000000ea900000, 0x00000000ea800000| Updating 
| 169|0x00000000ea900000, 0x00000000eaa00000, 0x00000000eaa00000|100%| O|  |TAMS 0x00000000eaa00000, 0x00000000ea900000| Updating 
| 170|0x00000000eaa00000, 0x00000000eab00000, 0x00000000eab00000|100%| O|  |TAMS 0x00000000eaacba00, 0x00000000eaa00000| Updating 
| 171|0x00000000eab00000, 0x00000000eab00000, 0x00000000eac00000|  0%| F|  |TAMS 0x00000000eab00000, 0x00000000eab00000| Untracked 
| 172|0x00000000eac00000, 0x00000000eac00000, 0x00000000ead00000|  0%| F|  |TAMS 0x00000000eac00000, 0x00000000eac00000| Untracked 
| 173|0x00000000ead00000, 0x00000000ead00000, 0x00000000eae00000|  0%| F|  |TAMS 0x00000000ead00000, 0x00000000ead00000| Untracked 
| 174|0x00000000eae00000, 0x00000000eaf00000, 0x00000000eaf00000|100%|HS|  |TAMS 0x00000000eaf00000, 0x00000000eae00000| Complete 
| 175|0x00000000eaf00000, 0x00000000eaf00000, 0x00000000eb000000|  0%| F|  |TAMS 0x00000000eaf00000, 0x00000000eaf00000| Untracked 
| 176|0x00000000eb000000, 0x00000000eb000000, 0x00000000eb100000|  0%| F|  |TAMS 0x00000000eb000000, 0x00000000eb000000| Untracked 
| 177|0x00000000eb100000, 0x00000000eb100000, 0x00000000eb200000|  0%| F|  |TAMS 0x00000000eb100000, 0x00000000eb100000| Untracked 
| 178|0x00000000eb200000, 0x00000000eb200000, 0x00000000eb300000|  0%| F|  |TAMS 0x00000000eb200000, 0x00000000eb200000| Untracked 
| 179|0x00000000eb300000, 0x00000000eb300000, 0x00000000eb400000|  0%| F|  |TAMS 0x00000000eb300000, 0x00000000eb300000| Untracked 
| 180|0x00000000eb400000, 0x00000000eb500000, 0x00000000eb500000|100%|HS|  |TAMS 0x00000000eb500000, 0x00000000eb400000| Complete 
| 181|0x00000000eb500000, 0x00000000eb600000, 0x00000000eb600000|100%|HC|  |TAMS 0x00000000eb600000, 0x00000000eb500000| Complete 
| 182|0x00000000eb600000, 0x00000000eb700000, 0x00000000eb700000|100%|HC|  |TAMS 0x00000000eb700000, 0x00000000eb600000| Complete 
| 183|0x00000000eb700000, 0x00000000eb800000, 0x00000000eb800000|100%|HC|  |TAMS 0x00000000eb800000, 0x00000000eb700000| Complete 
| 184|0x00000000eb800000, 0x00000000eb900000, 0x00000000eb900000|100%|HC|  |TAMS 0x00000000eb900000, 0x00000000eb800000| Complete 
| 185|0x00000000eb900000, 0x00000000eba00000, 0x00000000eba00000|100%|HC|  |TAMS 0x00000000eba00000, 0x00000000eb900000| Complete 
| 186|0x00000000eba00000, 0x00000000ebb00000, 0x00000000ebb00000|100%|HC|  |TAMS 0x00000000ebb00000, 0x00000000eba00000| Complete 
| 187|0x00000000ebb00000, 0x00000000ebc00000, 0x00000000ebc00000|100%|HC|  |TAMS 0x00000000ebc00000, 0x00000000ebb00000| Complete 
| 188|0x00000000ebc00000, 0x00000000ebd00000, 0x00000000ebd00000|100%|HC|  |TAMS 0x00000000ebd00000, 0x00000000ebc00000| Complete 
| 189|0x00000000ebd00000, 0x00000000ebe00000, 0x00000000ebe00000|100%|HS|  |TAMS 0x00000000ebd00000, 0x00000000ebd00000| Complete 
| 190|0x00000000ebe00000, 0x00000000ebf00000, 0x00000000ebf00000|100%|HC|  |TAMS 0x00000000ebe00000, 0x00000000ebe00000| Complete 
| 191|0x00000000ebf00000, 0x00000000ec000000, 0x00000000ec000000|100%|HC|  |TAMS 0x00000000ebf00000, 0x00000000ebf00000| Complete 
| 192|0x00000000ec000000, 0x00000000ec100000, 0x00000000ec100000|100%|HC|  |TAMS 0x00000000ec000000, 0x00000000ec000000| Complete 
| 193|0x00000000ec100000, 0x00000000ec200000, 0x00000000ec200000|100%|HC|  |TAMS 0x00000000ec100000, 0x00000000ec100000| Complete 
| 194|0x00000000ec200000, 0x00000000ec300000, 0x00000000ec300000|100%|HC|  |TAMS 0x00000000ec200000, 0x00000000ec200000| Complete 
| 195|0x00000000ec300000, 0x00000000ec400000, 0x00000000ec400000|100%|HC|  |TAMS 0x00000000ec300000, 0x00000000ec300000| Complete 
| 196|0x00000000ec400000, 0x00000000ec500000, 0x00000000ec500000|100%|HC|  |TAMS 0x00000000ec400000, 0x00000000ec400000| Complete 
| 197|0x00000000ec500000, 0x00000000ec600000, 0x00000000ec600000|100%|HC|  |TAMS 0x00000000ec500000, 0x00000000ec500000| Complete 
| 198|0x00000000ec600000, 0x00000000ec700000, 0x00000000ec700000|100%|HC|  |TAMS 0x00000000ec600000, 0x00000000ec600000| Complete 
| 199|0x00000000ec700000, 0x00000000ec800000, 0x00000000ec800000|100%|HC|  |TAMS 0x00000000ec700000, 0x00000000ec700000| Complete 
| 200|0x00000000ec800000, 0x00000000ec900000, 0x00000000ec900000|100%|HC|  |TAMS 0x00000000ec800000, 0x00000000ec800000| Complete 
| 201|0x00000000ec900000, 0x00000000eca00000, 0x00000000eca00000|100%|HC|  |TAMS 0x00000000ec900000, 0x00000000ec900000| Complete 
| 202|0x00000000eca00000, 0x00000000ecb00000, 0x00000000ecb00000|100%|HC|  |TAMS 0x00000000eca00000, 0x00000000eca00000| Complete 
| 203|0x00000000ecb00000, 0x00000000ecc00000, 0x00000000ecc00000|100%|HC|  |TAMS 0x00000000ecb00000, 0x00000000ecb00000| Complete 
| 204|0x00000000ecc00000, 0x00000000ecd00000, 0x00000000ecd00000|100%|HC|  |TAMS 0x00000000ecc00000, 0x00000000ecc00000| Complete 
| 205|0x00000000ecd00000, 0x00000000ece00000, 0x00000000ece00000|100%|HC|  |TAMS 0x00000000ecd00000, 0x00000000ecd00000| Complete 
| 206|0x00000000ece00000, 0x00000000ece00000, 0x00000000ecf00000|  0%| F|  |TAMS 0x00000000ece00000, 0x00000000ece00000| Untracked 
| 207|0x00000000ecf00000, 0x00000000ecf00000, 0x00000000ed000000|  0%| F|  |TAMS 0x00000000ecf00000, 0x00000000ecf00000| Untracked 
| 208|0x00000000ed000000, 0x00000000ed000000, 0x00000000ed100000|  0%| F|  |TAMS 0x00000000ed000000, 0x00000000ed000000| Untracked 
| 209|0x00000000ed100000, 0x00000000ed100000, 0x00000000ed200000|  0%| F|  |TAMS 0x00000000ed100000, 0x00000000ed100000| Untracked 
| 210|0x00000000ed200000, 0x00000000ed200000, 0x00000000ed300000|  0%| F|  |TAMS 0x00000000ed200000, 0x00000000ed200000| Untracked 
| 211|0x00000000ed300000, 0x00000000ed300000, 0x00000000ed400000|  0%| F|  |TAMS 0x00000000ed300000, 0x00000000ed300000| Untracked 
| 212|0x00000000ed400000, 0x00000000ed400000, 0x00000000ed500000|  0%| F|  |TAMS 0x00000000ed400000, 0x00000000ed400000| Untracked 
| 213|0x00000000ed500000, 0x00000000ed500000, 0x00000000ed600000|  0%| F|  |TAMS 0x00000000ed500000, 0x00000000ed500000| Untracked 
| 214|0x00000000ed600000, 0x00000000ed600000, 0x00000000ed700000|  0%| F|  |TAMS 0x00000000ed600000, 0x00000000ed600000| Untracked 
| 215|0x00000000ed700000, 0x00000000ed700000, 0x00000000ed800000|  0%| F|  |TAMS 0x00000000ed700000, 0x00000000ed700000| Untracked 
| 216|0x00000000ed800000, 0x00000000ed800000, 0x00000000ed900000|  0%| F|  |TAMS 0x00000000ed800000, 0x00000000ed800000| Untracked 
| 217|0x00000000ed900000, 0x00000000ed900000, 0x00000000eda00000|  0%| F|  |TAMS 0x00000000ed900000, 0x00000000ed900000| Untracked 
| 218|0x00000000eda00000, 0x00000000eda00000, 0x00000000edb00000|  0%| F|  |TAMS 0x00000000eda00000, 0x00000000eda00000| Untracked 
| 219|0x00000000edb00000, 0x00000000edb00000, 0x00000000edc00000|  0%| F|  |TAMS 0x00000000edb00000, 0x00000000edb00000| Untracked 
| 220|0x00000000edc00000, 0x00000000edc00000, 0x00000000edd00000|  0%| F|  |TAMS 0x00000000edc00000, 0x00000000edc00000| Untracked 
| 221|0x00000000edd00000, 0x00000000edd00000, 0x00000000ede00000|  0%| F|  |TAMS 0x00000000edd00000, 0x00000000edd00000| Untracked 
| 222|0x00000000ede00000, 0x00000000ede00000, 0x00000000edf00000|  0%| F|  |TAMS 0x00000000ede00000, 0x00000000ede00000| Untracked 
| 223|0x00000000edf00000, 0x00000000edf00000, 0x00000000ee000000|  0%| F|  |TAMS 0x00000000edf00000, 0x00000000edf00000| Untracked 
| 224|0x00000000ee000000, 0x00000000ee000000, 0x00000000ee100000|  0%| F|  |TAMS 0x00000000ee000000, 0x00000000ee000000| Untracked 
| 225|0x00000000ee100000, 0x00000000ee100000, 0x00000000ee200000|  0%| F|  |TAMS 0x00000000ee100000, 0x00000000ee100000| Untracked 
| 226|0x00000000ee200000, 0x00000000ee200000, 0x00000000ee300000|  0%| F|  |TAMS 0x00000000ee200000, 0x00000000ee200000| Untracked 
| 227|0x00000000ee300000, 0x00000000ee300000, 0x00000000ee400000|  0%| F|  |TAMS 0x00000000ee300000, 0x00000000ee300000| Untracked 
| 228|0x00000000ee400000, 0x00000000ee400000, 0x00000000ee500000|  0%| F|  |TAMS 0x00000000ee400000, 0x00000000ee400000| Untracked 
| 229|0x00000000ee500000, 0x00000000ee500000, 0x00000000ee600000|  0%| F|  |TAMS 0x00000000ee500000, 0x00000000ee500000| Untracked 
| 230|0x00000000ee600000, 0x00000000ee600000, 0x00000000ee700000|  0%| F|  |TAMS 0x00000000ee600000, 0x00000000ee600000| Untracked 
| 231|0x00000000ee700000, 0x00000000ee700000, 0x00000000ee800000|  0%| F|  |TAMS 0x00000000ee700000, 0x00000000ee700000| Untracked 
| 232|0x00000000ee800000, 0x00000000ee800000, 0x00000000ee900000|  0%| F|  |TAMS 0x00000000ee800000, 0x00000000ee800000| Untracked 
| 233|0x00000000ee900000, 0x00000000ee900000, 0x00000000eea00000|  0%| F|  |TAMS 0x00000000ee900000, 0x00000000ee900000| Untracked 
| 234|0x00000000eea00000, 0x00000000eea00000, 0x00000000eeb00000|  0%| F|  |TAMS 0x00000000eea00000, 0x00000000eea00000| Untracked 
| 235|0x00000000eeb00000, 0x00000000eeb00000, 0x00000000eec00000|  0%| F|  |TAMS 0x00000000eeb00000, 0x00000000eeb00000| Untracked 
| 236|0x00000000eec00000, 0x00000000eec00000, 0x00000000eed00000|  0%| F|  |TAMS 0x00000000eec00000, 0x00000000eec00000| Untracked 
| 237|0x00000000eed00000, 0x00000000eed00000, 0x00000000eee00000|  0%| F|  |TAMS 0x00000000eed00000, 0x00000000eed00000| Untracked 
| 238|0x00000000eee00000, 0x00000000eee00000, 0x00000000eef00000|  0%| F|  |TAMS 0x00000000eee00000, 0x00000000eee00000| Untracked 
| 239|0x00000000eef00000, 0x00000000eef00000, 0x00000000ef000000|  0%| F|  |TAMS 0x00000000eef00000, 0x00000000eef00000| Untracked 
| 240|0x00000000ef000000, 0x00000000ef000000, 0x00000000ef100000|  0%| F|  |TAMS 0x00000000ef000000, 0x00000000ef000000| Untracked 
| 241|0x00000000ef100000, 0x00000000ef100000, 0x00000000ef200000|  0%| F|  |TAMS 0x00000000ef100000, 0x00000000ef100000| Untracked 
| 242|0x00000000ef200000, 0x00000000ef200000, 0x00000000ef300000|  0%| F|  |TAMS 0x00000000ef200000, 0x00000000ef200000| Untracked 
| 243|0x00000000ef300000, 0x00000000ef300000, 0x00000000ef400000|  0%| F|  |TAMS 0x00000000ef300000, 0x00000000ef300000| Untracked 
| 244|0x00000000ef400000, 0x00000000ef400000, 0x00000000ef500000|  0%| F|  |TAMS 0x00000000ef400000, 0x00000000ef400000| Untracked 
| 245|0x00000000ef500000, 0x00000000ef500000, 0x00000000ef600000|  0%| F|  |TAMS 0x00000000ef500000, 0x00000000ef500000| Untracked 
| 246|0x00000000ef600000, 0x00000000ef600000, 0x00000000ef700000|  0%| F|  |TAMS 0x00000000ef600000, 0x00000000ef600000| Untracked 
| 247|0x00000000ef700000, 0x00000000ef700000, 0x00000000ef800000|  0%| F|  |TAMS 0x00000000ef700000, 0x00000000ef700000| Untracked 
| 248|0x00000000ef800000, 0x00000000ef800000, 0x00000000ef900000|  0%| F|  |TAMS 0x00000000ef800000, 0x00000000ef800000| Untracked 
| 249|0x00000000ef900000, 0x00000000ef900000, 0x00000000efa00000|  0%| F|  |TAMS 0x00000000ef900000, 0x00000000ef900000| Untracked 
| 250|0x00000000efa00000, 0x00000000efa00000, 0x00000000efb00000|  0%| F|  |TAMS 0x00000000efa00000, 0x00000000efa00000| Untracked 
| 251|0x00000000efb00000, 0x00000000efb00000, 0x00000000efc00000|  0%| F|  |TAMS 0x00000000efb00000, 0x00000000efb00000| Untracked 
| 252|0x00000000efc00000, 0x00000000efc00000, 0x00000000efd00000|  0%| F|  |TAMS 0x00000000efc00000, 0x00000000efc00000| Untracked 
| 253|0x00000000efd00000, 0x00000000efd00000, 0x00000000efe00000|  0%| F|  |TAMS 0x00000000efd00000, 0x00000000efd00000| Untracked 
| 254|0x00000000efe00000, 0x00000000efe00000, 0x00000000eff00000|  0%| F|  |TAMS 0x00000000efe00000, 0x00000000efe00000| Untracked 
| 255|0x00000000eff00000, 0x00000000eff00000, 0x00000000f0000000|  0%| F|  |TAMS 0x00000000eff00000, 0x00000000eff00000| Untracked 
| 256|0x00000000f0000000, 0x00000000f0000000, 0x00000000f0100000|  0%| F|  |TAMS 0x00000000f0000000, 0x00000000f0000000| Untracked 
| 257|0x00000000f0100000, 0x00000000f0100000, 0x00000000f0200000|  0%| F|  |TAMS 0x00000000f0100000, 0x00000000f0100000| Untracked 
| 258|0x00000000f0200000, 0x00000000f0200000, 0x00000000f0300000|  0%| F|  |TAMS 0x00000000f0200000, 0x00000000f0200000| Untracked 
| 259|0x00000000f0300000, 0x00000000f0300000, 0x00000000f0400000|  0%| F|  |TAMS 0x00000000f0300000, 0x00000000f0300000| Untracked 
| 260|0x00000000f0400000, 0x00000000f0400000, 0x00000000f0500000|  0%| F|  |TAMS 0x00000000f0400000, 0x00000000f0400000| Untracked 
| 261|0x00000000f0500000, 0x00000000f0500000, 0x00000000f0600000|  0%| F|  |TAMS 0x00000000f0500000, 0x00000000f0500000| Untracked 
| 262|0x00000000f0600000, 0x00000000f0600000, 0x00000000f0700000|  0%| F|  |TAMS 0x00000000f0600000, 0x00000000f0600000| Untracked 
| 263|0x00000000f0700000, 0x00000000f0700000, 0x00000000f0800000|  0%| F|  |TAMS 0x00000000f0700000, 0x00000000f0700000| Untracked 
| 264|0x00000000f0800000, 0x00000000f086a8b0, 0x00000000f0900000| 41%| S|CS|TAMS 0x00000000f0800000, 0x00000000f0800000| Complete 
| 265|0x00000000f0900000, 0x00000000f0a00000, 0x00000000f0a00000|100%| S|CS|TAMS 0x00000000f0900000, 0x00000000f0900000| Complete 
| 266|0x00000000f0a00000, 0x00000000f0b00000, 0x00000000f0b00000|100%| S|CS|TAMS 0x00000000f0a00000, 0x00000000f0a00000| Complete 
| 267|0x00000000f0b00000, 0x00000000f0c00000, 0x00000000f0c00000|100%| S|CS|TAMS 0x00000000f0b00000, 0x00000000f0b00000| Complete 
| 268|0x00000000f0c00000, 0x00000000f0d00000, 0x00000000f0d00000|100%| S|CS|TAMS 0x00000000f0c00000, 0x00000000f0c00000| Complete 
| 269|0x00000000f0d00000, 0x00000000f0e00000, 0x00000000f0e00000|100%| S|CS|TAMS 0x00000000f0d00000, 0x00000000f0d00000| Complete 
| 270|0x00000000f0e00000, 0x00000000f0e00000, 0x00000000f0f00000|  0%| F|  |TAMS 0x00000000f0e00000, 0x00000000f0e00000| Untracked 
| 271|0x00000000f0f00000, 0x00000000f0f00000, 0x00000000f1000000|  0%| F|  |TAMS 0x00000000f0f00000, 0x00000000f0f00000| Untracked 
| 272|0x00000000f1000000, 0x00000000f1000000, 0x00000000f1100000|  0%| F|  |TAMS 0x00000000f1000000, 0x00000000f1000000| Untracked 
| 273|0x00000000f1100000, 0x00000000f1100000, 0x00000000f1200000|  0%| F|  |TAMS 0x00000000f1100000, 0x00000000f1100000| Untracked 
| 274|0x00000000f1200000, 0x00000000f1200000, 0x00000000f1300000|  0%| F|  |TAMS 0x00000000f1200000, 0x00000000f1200000| Untracked 
| 275|0x00000000f1300000, 0x00000000f1300000, 0x00000000f1400000|  0%| F|  |TAMS 0x00000000f1300000, 0x00000000f1300000| Untracked 
| 276|0x00000000f1400000, 0x00000000f1400000, 0x00000000f1500000|  0%| F|  |TAMS 0x00000000f1400000, 0x00000000f1400000| Untracked 
| 277|0x00000000f1500000, 0x00000000f1500000, 0x00000000f1600000|  0%| F|  |TAMS 0x00000000f1500000, 0x00000000f1500000| Untracked 
| 278|0x00000000f1600000, 0x00000000f1600000, 0x00000000f1700000|  0%| F|  |TAMS 0x00000000f1600000, 0x00000000f1600000| Untracked 
| 279|0x00000000f1700000, 0x00000000f1700000, 0x00000000f1800000|  0%| F|  |TAMS 0x00000000f1700000, 0x00000000f1700000| Untracked 
| 280|0x00000000f1800000, 0x00000000f1800000, 0x00000000f1900000|  0%| F|  |TAMS 0x00000000f1800000, 0x00000000f1800000| Untracked 
| 281|0x00000000f1900000, 0x00000000f1900000, 0x00000000f1a00000|  0%| F|  |TAMS 0x00000000f1900000, 0x00000000f1900000| Untracked 
| 282|0x00000000f1a00000, 0x00000000f1a00000, 0x00000000f1b00000|  0%| F|  |TAMS 0x00000000f1a00000, 0x00000000f1a00000| Untracked 
| 283|0x00000000f1b00000, 0x00000000f1b00000, 0x00000000f1c00000|  0%| F|  |TAMS 0x00000000f1b00000, 0x00000000f1b00000| Untracked 
| 284|0x00000000f1c00000, 0x00000000f1c00000, 0x00000000f1d00000|  0%| F|  |TAMS 0x00000000f1c00000, 0x00000000f1c00000| Untracked 
| 285|0x00000000f1d00000, 0x00000000f1d00000, 0x00000000f1e00000|  0%| F|  |TAMS 0x00000000f1d00000, 0x00000000f1d00000| Untracked 
| 286|0x00000000f1e00000, 0x00000000f1e00000, 0x00000000f1f00000|  0%| F|  |TAMS 0x00000000f1e00000, 0x00000000f1e00000| Untracked 
| 287|0x00000000f1f00000, 0x00000000f1f00000, 0x00000000f2000000|  0%| F|  |TAMS 0x00000000f1f00000, 0x00000000f1f00000| Untracked 
| 288|0x00000000f2000000, 0x00000000f2000000, 0x00000000f2100000|  0%| F|  |TAMS 0x00000000f2000000, 0x00000000f2000000| Untracked 
| 289|0x00000000f2100000, 0x00000000f2100000, 0x00000000f2200000|  0%| F|  |TAMS 0x00000000f2100000, 0x00000000f2100000| Untracked 
| 290|0x00000000f2200000, 0x00000000f2200000, 0x00000000f2300000|  0%| F|  |TAMS 0x00000000f2200000, 0x00000000f2200000| Untracked 
| 291|0x00000000f2300000, 0x00000000f2300000, 0x00000000f2400000|  0%| F|  |TAMS 0x00000000f2300000, 0x00000000f2300000| Untracked 
| 292|0x00000000f2400000, 0x00000000f2400000, 0x00000000f2500000|  0%| F|  |TAMS 0x00000000f2400000, 0x00000000f2400000| Untracked 
| 293|0x00000000f2500000, 0x00000000f2500000, 0x00000000f2600000|  0%| F|  |TAMS 0x00000000f2500000, 0x00000000f2500000| Untracked 
| 294|0x00000000f2600000, 0x00000000f2600000, 0x00000000f2700000|  0%| F|  |TAMS 0x00000000f2600000, 0x00000000f2600000| Untracked 
| 295|0x00000000f2700000, 0x00000000f2700000, 0x00000000f2800000|  0%| F|  |TAMS 0x00000000f2700000, 0x00000000f2700000| Untracked 
| 296|0x00000000f2800000, 0x00000000f2800000, 0x00000000f2900000|  0%| F|  |TAMS 0x00000000f2800000, 0x00000000f2800000| Untracked 
| 297|0x00000000f2900000, 0x00000000f2900000, 0x00000000f2a00000|  0%| F|  |TAMS 0x00000000f2900000, 0x00000000f2900000| Untracked 
| 298|0x00000000f2a00000, 0x00000000f2a00000, 0x00000000f2b00000|  0%| F|  |TAMS 0x00000000f2a00000, 0x00000000f2a00000| Untracked 
| 299|0x00000000f2b00000, 0x00000000f2b00000, 0x00000000f2c00000|  0%| F|  |TAMS 0x00000000f2b00000, 0x00000000f2b00000| Untracked 
| 300|0x00000000f2c00000, 0x00000000f2c00000, 0x00000000f2d00000|  0%| F|  |TAMS 0x00000000f2c00000, 0x00000000f2c00000| Untracked 
| 301|0x00000000f2d00000, 0x00000000f2e00000, 0x00000000f2e00000|100%| E|  |TAMS 0x00000000f2d00000, 0x00000000f2d00000| Complete 
| 302|0x00000000f2e00000, 0x00000000f2f00000, 0x00000000f2f00000|100%| E|CS|TAMS 0x00000000f2e00000, 0x00000000f2e00000| Complete 
| 303|0x00000000f2f00000, 0x00000000f3000000, 0x00000000f3000000|100%| E|CS|TAMS 0x00000000f2f00000, 0x00000000f2f00000| Complete 
| 304|0x00000000f3000000, 0x00000000f3100000, 0x00000000f3100000|100%| E|CS|TAMS 0x00000000f3000000, 0x00000000f3000000| Complete 
| 305|0x00000000f3100000, 0x00000000f3200000, 0x00000000f3200000|100%| E|CS|TAMS 0x00000000f3100000, 0x00000000f3100000| Complete 
| 306|0x00000000f3200000, 0x00000000f3300000, 0x00000000f3300000|100%| E|CS|TAMS 0x00000000f3200000, 0x00000000f3200000| Complete 
| 307|0x00000000f3300000, 0x00000000f3400000, 0x00000000f3400000|100%| E|CS|TAMS 0x00000000f3300000, 0x00000000f3300000| Complete 
| 308|0x00000000f3400000, 0x00000000f3500000, 0x00000000f3500000|100%| E|CS|TAMS 0x00000000f3400000, 0x00000000f3400000| Complete 
| 309|0x00000000f3500000, 0x00000000f3600000, 0x00000000f3600000|100%| E|CS|TAMS 0x00000000f3500000, 0x00000000f3500000| Complete 
| 310|0x00000000f3600000, 0x00000000f3700000, 0x00000000f3700000|100%| E|CS|TAMS 0x00000000f3600000, 0x00000000f3600000| Complete 
| 311|0x00000000f3700000, 0x00000000f3800000, 0x00000000f3800000|100%| E|CS|TAMS 0x00000000f3700000, 0x00000000f3700000| Complete 
| 312|0x00000000f3800000, 0x00000000f3900000, 0x00000000f3900000|100%| E|CS|TAMS 0x00000000f3800000, 0x00000000f3800000| Complete 
| 313|0x00000000f3900000, 0x00000000f3a00000, 0x00000000f3a00000|100%| E|CS|TAMS 0x00000000f3900000, 0x00000000f3900000| Complete 
| 314|0x00000000f3a00000, 0x00000000f3b00000, 0x00000000f3b00000|100%| E|CS|TAMS 0x00000000f3a00000, 0x00000000f3a00000| Complete 
| 315|0x00000000f3b00000, 0x00000000f3c00000, 0x00000000f3c00000|100%| E|CS|TAMS 0x00000000f3b00000, 0x00000000f3b00000| Complete 
| 316|0x00000000f3c00000, 0x00000000f3d00000, 0x00000000f3d00000|100%| E|CS|TAMS 0x00000000f3c00000, 0x00000000f3c00000| Complete 
| 317|0x00000000f3d00000, 0x00000000f3e00000, 0x00000000f3e00000|100%| E|CS|TAMS 0x00000000f3d00000, 0x00000000f3d00000| Complete 
| 318|0x00000000f3e00000, 0x00000000f3f00000, 0x00000000f3f00000|100%| E|CS|TAMS 0x00000000f3e00000, 0x00000000f3e00000| Complete 
| 319|0x00000000f3f00000, 0x00000000f4000000, 0x00000000f4000000|100%| E|CS|TAMS 0x00000000f3f00000, 0x00000000f3f00000| Complete 

Card table byte_map: [0x00000245ed320000,0x00000245ed420000] _byte_map_base: 0x00000245ecc20000

Marking Bits (Prev, Next): (CMBitMap*) 0x00000245d5f415a8, (CMBitMap*) 0x00000245d5f41568
 Prev Bits: [0x00000245edd20000, 0x00000245ee520000)
 Next Bits: [0x00000245ed520000, 0x00000245edd20000)

Polling page: 0x00000245d3db0000

Metaspace:

Usage:
  Non-class:     74.17 MB capacity,    71.96 MB ( 97%) used,     1.99 MB (  3%) free+waste,   234.63 KB ( <1%) overhead. 
      Class:     11.43 MB capacity,    10.39 MB ( 91%) used,   957.64 KB (  8%) free+waste,   109.13 KB ( <1%) overhead. 
       Both:     85.61 MB capacity,    82.35 MB ( 96%) used,     2.92 MB (  3%) free+waste,   343.75 KB ( <1%) overhead. 

Virtual space:
  Non-class space:       76.00 MB reserved,      74.25 MB ( 98%) committed 
      Class space:      248.00 MB reserved,      11.50 MB (  5%) committed 
             Both:      324.00 MB reserved,      85.75 MB ( 26%) committed 

Chunk freelists:
   Non-Class:  9.63 KB
       Class:  8.75 KB
        Both:  18.38 KB

CodeHeap 'non-profiled nmethods': size=120064Kb used=8492Kb max_used=8492Kb free=111571Kb
 bounds [0x00000245e5de0000, 0x00000245e6630000, 0x00000245ed320000]
CodeHeap 'profiled nmethods': size=120000Kb used=30481Kb max_used=30481Kb free=89518Kb
 bounds [0x00000245de8b0000, 0x00000245e0690000, 0x00000245e5de0000]
CodeHeap 'non-nmethods': size=5696Kb used=2334Kb max_used=2381Kb free=3361Kb
 bounds [0x00000245de320000, 0x00000245de590000, 0x00000245de8b0000]
 total_blobs=20226 nmethods=13108 adapters=829
 compilation: enabled
              stopped_count=0, restarted_count=0
 full_count=0

Compilation events (10 events):
Event: 369.988 Thread 0x00000245f0b5e000 15130       2       org.gradle.internal.fingerprint.impl.AbsolutePathFingerprintingStrategy::collectFingerprints (67 bytes)
Event: 369.989 Thread 0x00000245f0b5e000 nmethod 15130 0x00000245e068a210 code [0x00000245e068a440, 0x00000245e068ac00]
Event: 369.990 Thread 0x00000245f0b5e000 15131       2       org.gradle.internal.fingerprint.impl.AbsolutePathFingerprintingStrategy::getHashingStrategy (4 bytes)
Event: 369.990 Thread 0x00000245f0b5e000 nmethod 15131 0x00000245e068ae90 code [0x00000245e068b040, 0x00000245e068b1b8]
Event: 369.995 Thread 0x00000245f0b5e000 15132       2       java.util.ArrayDeque$DeqIterator::hasNext (13 bytes)
Event: 369.995 Thread 0x00000245f0b5e000 nmethod 15132 0x00000245e068b290 code [0x00000245e068b440, 0x00000245e068b5d8]
Event: 370.000 Thread 0x00000245f0b5e000 15133       2       org.gradle.internal.execution.history.changes.AbstractFingerprintChanges$1::updated (17 bytes)
Event: 370.000 Thread 0x00000245f0b5e000 nmethod 15133 0x00000245e068b690 code [0x00000245e068b860, 0x00000245e068baf0]
Event: 370.008 Thread 0x00000245f0b5e000 15134       2       org.objectweb.asm.signature.SignatureReader::accept (250 bytes)
Event: 370.011 Thread 0x00000245f0b5e000 nmethod 15134 0x00000245e068bc10 code [0x00000245e068bf80, 0x00000245e068cf00]

GC Heap History (10 events):
Event: 364.760 GC heap before
{Heap before GC invocations=30 (full 9):
 garbage-first heap   total 262144K, used 199417K [0x00000000e0000000, 0x0000000100000000)
  region size 1024K, 114 young (116736K), 14 survivors (14336K)
 Metaspace       used 82432K, capacity 85680K, committed 85760K, reserved 329728K
  class space    used 10440K, capacity 11480K, committed 11520K, reserved 253952K
}
Event: 364.809 GC heap after
{Heap after GC invocations=31 (full 9):
 garbage-first heap   total 262144K, used 112204K [0x00000000e0000000, 0x0000000100000000)
  region size 1024K, 15 young (15360K), 15 survivors (15360K)
 Metaspace       used 82432K, capacity 85680K, committed 85760K, reserved 329728K
  class space    used 10440K, capacity 11480K, committed 11520K, reserved 253952K
}
Event: 367.114 GC heap before
{Heap before GC invocations=31 (full 9):
 garbage-first heap   total 262144K, used 194124K [0x00000000e0000000, 0x0000000100000000)
  region size 1024K, 78 young (79872K), 15 survivors (15360K)
 Metaspace       used 83359K, capacity 86702K, committed 87040K, reserved 329728K
  class space    used 10594K, capacity 11670K, committed 11776K, reserved 253952K
}
Event: 367.160 GC heap after
{Heap after GC invocations=32 (full 9):
 garbage-first heap   total 262144K, used 129785K [0x00000000e0000000, 0x0000000100000000)
  region size 1024K, 12 young (12288K), 12 survivors (12288K)
 Metaspace       used 83359K, capacity 86702K, committed 87040K, reserved 329728K
  class space    used 10594K, capacity 11670K, committed 11776K, reserved 253952K
}
Event: 367.693 GC heap before
{Heap before GC invocations=33 (full 9):
 garbage-first heap   total 286720K, used 191225K [0x00000000e0000000, 0x0000000100000000)
  region size 1024K, 32 young (32768K), 12 survivors (12288K)
 Metaspace       used 83410K, capacity 86830K, committed 87040K, reserved 329728K
  class space    used 10597K, capacity 11670K, committed 11776K, reserved 253952K
}
Event: 367.709 GC heap after
{Heap after GC invocations=34 (full 9):
 garbage-first heap   total 286720K, used 142572K [0x00000000e0000000, 0x0000000100000000)
  region size 1024K, 5 young (5120K), 5 survivors (5120K)
 Metaspace       used 83410K, capacity 86830K, committed 87040K, reserved 329728K
  class space    used 10597K, capacity 11670K, committed 11776K, reserved 253952K
}
Event: 368.776 GC heap before
{Heap before GC invocations=35 (full 9):
 garbage-first heap   total 327680K, used 218348K [0x00000000e0000000, 0x0000000100000000)
  region size 1024K, 42 young (43008K), 5 survivors (5120K)
 Metaspace       used 84267K, capacity 87652K, committed 87808K, reserved 331776K
  class space    used 10663K, capacity 11750K, committed 11776K, reserved 253952K
}
Event: 368.785 GC heap after
{Heap after GC invocations=36 (full 9):
 garbage-first heap   total 327680K, used 154960K [0x00000000e0000000, 0x0000000100000000)
  region size 1024K, 9 young (9216K), 9 survivors (9216K)
 Metaspace       used 84267K, capacity 87652K, committed 87808K, reserved 331776K
  class space    used 10663K, capacity 11750K, committed 11776K, reserved 253952K
}
Event: 369.745 GC heap before
{Heap before GC invocations=37 (full 9):
 garbage-first heap   total 327680K, used 216400K [0x00000000e0000000, 0x0000000100000000)
  region size 1024K, 50 young (51200K), 9 survivors (9216K)
 Metaspace       used 84321K, capacity 87663K, committed 87808K, reserved 331776K
  class space    used 10639K, capacity 11707K, committed 11776K, reserved 253952K
}
Event: 369.756 GC heap after
{Heap after GC invocations=38 (full 9):
 garbage-first heap   total 327680K, used 165309K [0x00000000e0000000, 0x0000000100000000)
  region size 1024K, 6 young (6144K), 6 survivors (6144K)
 Metaspace       used 84321K, capacity 87663K, committed 87808K, reserved 331776K
  class space    used 10639K, capacity 11707K, committed 11776K, reserved 253952K
}

Deoptimization events (10 events):
Event: 369.065 Thread 0x00000245f5bbb800 Uncommon trap: reason=unstable_if action=reinterpret pc=0x00000245e6384348 method=sun.nio.fs.NativeBuffers.getNativeBufferFromCache(I)Lsun/nio/fs/NativeBuffer; @ 18 c2
Event: 369.314 Thread 0x000002458b755800 Uncommon trap: reason=unstable_if action=reinterpret pc=0x00000245e6601c84 method=org.objectweb.asm.ClassReader.readUTF(II[C)Ljava/lang/String; @ 77 c2
Event: 369.315 Thread 0x000002458b755800 Uncommon trap: reason=unstable_fused_if action=reinterpret pc=0x00000245e6600c88 method=org.objectweb.asm.ByteVector.putUTF8(Ljava/lang/String;)Lorg/objectweb/asm/ByteVector; @ 91 c2
Event: 369.331 Thread 0x000002458b755800 Uncommon trap: reason=unstable_if action=reinterpret pc=0x00000245e65c6b34 method=java.lang.String.indexOf(II)I @ 4 c2
Event: 369.550 Thread 0x00000245f5bbb800 Uncommon trap: reason=unstable_if action=reinterpret pc=0x00000245e6384ba8 method=sun.nio.fs.NativeBuffers.releaseNativeBuffer(Lsun/nio/fs/NativeBuffer;)V @ 35 c2
Event: 369.553 Thread 0x000002458b755800 Uncommon trap: reason=unstable_if action=reinterpret pc=0x00000245e65c63f4 method=java.lang.String.indexOf(II)I @ 4 c2
Event: 369.553 Thread 0x000002458b755800 Uncommon trap: reason=unstable_if action=reinterpret pc=0x00000245e5df1f68 method=java.lang.String.indexOf(II)I @ 4 c2
Event: 369.571 Thread 0x00000245f5bba000 Uncommon trap: reason=unstable_if action=reinterpret pc=0x00000245e65e6920 method=org.gradle.internal.io.StreamByteBuffer.prepareRead()I @ 20 c2
Event: 369.668 Thread 0x000002458b755800 Uncommon trap: reason=range_check action=make_not_entrant pc=0x00000245e66247dc method=org.objectweb.asm.Type.getType([CI)Lorg/objectweb/asm/Type; @ 2 c2
Event: 369.717 Thread 0x000002458b758000 Uncommon trap: reason=unstable_if action=reinterpret pc=0x00000245e65d8624 method=java.util.zip.ZipInputStream.read([BII)I @ 50 c2

Classes redefined (0 events):
No events

Internal exceptions (10 events):
Event: 358.013 Thread 0x00000245f5bc4800 Exception <a 'java/net/SocketTimeoutException'{0x00000000eea67700}: Read timed out> (0x00000000eea67700) thrown at [t:/workspace/open/src/hotspot/share/prims/jni.cpp, line 636]
Event: 358.016 Thread 0x00000245f5bbb800 Exception <a 'java/net/SocketTimeoutException'{0x00000000eeaa1ee8}: Read timed out> (0x00000000eeaa1ee8) thrown at [t:/workspace/open/src/hotspot/share/prims/jni.cpp, line 636]
Event: 366.115 Thread 0x00000245f5bbb800 Exception <a 'java/lang/NoSuchMethodError'{0x00000000eee79000}: java.lang.invoke.DirectMethodHandle$Holder.invokeSpecial(Ljava/lang/Object;Ljava/lang/Object;Ljava/lang/Object;Ljava/lang/Object;Ljava/lang/Object;Ljava/lang/Object;Ljava/lang/Object;Ljava/la
Event: 366.118 Thread 0x00000245f5bbb800 Exception <a 'java/lang/NoSuchMethodError'{0x00000000eed34fc0}: java.lang.invoke.DirectMethodHandle$Holder.invokeSpecial(Ljava/lang/Object;Ljava/lang/Object;Ljava/lang/Object;Ljava/lang/Object;Ljava/lang/Object;Ljava/lang/Object;Ljava/lang/Object;Ljava/la
Event: 366.118 Thread 0x00000245f5bbb800 Exception <a 'java/lang/NoSuchMethodError'{0x00000000eed39608}: java.lang.invoke.Invokers$Holder.linkToTargetMethod(Ljava/lang/Object;Ljava/lang/Object;Ljava/lang/Object;Ljava/lang/Object;Ljava/lang/Object;Ljava/lang/Object;Ljava/lang/Object;Ljava/lang/Ob
Event: 366.152 Thread 0x000002458b753000 Exception <a 'java/lang/NoSuchMethodError'{0x00000000eeee98e0}: java.lang.invoke.Invokers$Holder.linkToTargetMethod(Ljava/lang/Object;Ljava/lang/Object;Ljava/lang/Object;Ljava/lang/Object;Ljava/lang/Object;Ljava/lang/Object;Ljava/lang/Object;Ljava/lang/Ob
Event: 366.569 Thread 0x000002458b755800 Implicit null exception at 0x00000245e6217b68 to 0x00000245e6217e0a
Event: 367.169 Thread 0x000002458b758000 Exception <a 'java/net/SocketTimeoutException'{0x00000000efe073f0}: Read timed out> (0x00000000efe073f0) thrown at [t:/workspace/open/src/hotspot/share/prims/jni.cpp, line 636]
Event: 367.813 Thread 0x000002458b753000 Exception <a 'java/net/SocketTimeoutException'{0x00000000f1386dc0}: Read timed out> (0x00000000f1386dc0) thrown at [t:/workspace/open/src/hotspot/share/prims/jni.cpp, line 636]
Event: 368.418 Thread 0x000002458b758000 Exception <a 'sun/nio/fs/WindowsException'{0x00000000f38f12d8}> (0x00000000f38f12d8) thrown at [t:/workspace/open/src/hotspot/share/prims/jni.cpp, line 615]

Events (10 events):
Event: 369.571 Thread 0x00000245f5bba000 DEOPT PACKING pc=0x00000245e65e6920 sp=0x000000cd9d3fde60
Event: 369.571 Thread 0x00000245f5bba000 DEOPT UNPACKING pc=0x00000245de349baf sp=0x000000cd9d3fde10 mode 2
Event: 369.668 Thread 0x000002458b755800 Uncommon trap: trap_request=0xffffffe4 fr.pc=0x00000245e66247dc relative=0x000000000000599c
Event: 369.668 Thread 0x000002458b755800 DEOPT PACKING pc=0x00000245e66247dc sp=0x000000cd9d9faa60
Event: 369.668 Thread 0x000002458b755800 DEOPT UNPACKING pc=0x00000245de349baf sp=0x000000cd9d9fa9a0 mode 2
Event: 369.717 Thread 0x000002458b758000 Uncommon trap: trap_request=0xffffff4d fr.pc=0x00000245e65d8624 relative=0x00000000000001c4
Event: 369.718 Thread 0x000002458b758000 DEOPT PACKING pc=0x00000245e65d8624 sp=0x000000cd9dbfbb30
Event: 369.718 Thread 0x000002458b758000 DEOPT UNPACKING pc=0x00000245de349baf sp=0x000000cd9dbfbaf0 mode 2
Event: 369.744 Executing VM operation: G1CollectForAllocation
Event: 369.756 Executing VM operation: G1CollectForAllocation done


Dynamic libraries:
0x00007ff6e9010000 - 0x00007ff6e901f000 	C:\Program Files\Java\jdk-12.0.2\bin\java.exe
0x00007ffda02e0000 - 0x00007ffda04d0000 	C:\WINDOWS\SYSTEM32\ntdll.dll
0x00007ffd9ec30000 - 0x00007ffd9ece2000 	C:\WINDOWS\System32\KERNEL32.DLL
0x00007ffd9d730000 - 0x00007ffd9d9d4000 	C:\WINDOWS\System32\KERNELBASE.dll
0x00007ffd9db10000 - 0x00007ffd9dc0a000 	C:\WINDOWS\System32\ucrtbase.dll
0x00007ffd9b340000 - 0x00007ffd9b358000 	C:\Program Files\Java\jdk-12.0.2\bin\jli.dll
0x00007ffd9aec0000 - 0x00007ffd9aed6000 	C:\Program Files\Java\jdk-12.0.2\bin\VCRUNTIME140.dll
0x00007ffd9fb60000 - 0x00007ffd9fc03000 	C:\WINDOWS\System32\ADVAPI32.dll
0x00007ffd9ecf0000 - 0x00007ffd9ed8e000 	C:\WINDOWS\System32\msvcrt.dll
0x00007ffd9ef30000 - 0x00007ffd9efc7000 	C:\WINDOWS\System32\sechost.dll
0x00007ffd9f8a0000 - 0x00007ffd9f9c0000 	C:\WINDOWS\System32\RPCRT4.dll
0x00007ffd9ed90000 - 0x00007ffd9ef24000 	C:\WINDOWS\System32\USER32.dll
0x00007ffd89280000 - 0x00007ffd89504000 	C:\WINDOWS\WinSxS\amd64_microsoft.windows.common-controls_6595b64144ccf1df_6.0.18362.900_none_e6beb9d913147d17\COMCTL32.dll
0x00007ffd9f560000 - 0x00007ffd9f895000 	C:\WINDOWS\System32\combase.dll
0x00007ffd9d9e0000 - 0x00007ffd9da60000 	C:\WINDOWS\System32\bcryptPrimitives.dll
0x00007ffd9ec00000 - 0x00007ffd9ec26000 	C:\WINDOWS\System32\GDI32.dll
0x00007ffd9d700000 - 0x00007ffd9d721000 	C:\WINDOWS\System32\win32u.dll
0x00007ffd9d560000 - 0x00007ffd9d6f5000 	C:\WINDOWS\System32\gdi32full.dll
0x00007ffd9d3c0000 - 0x00007ffd9d45e000 	C:\WINDOWS\System32\msvcp_win.dll
0x00007ffd93a30000 - 0x00007ffd93a3a000 	C:\WINDOWS\SYSTEM32\VERSION.dll
0x00007ffd9f200000 - 0x00007ffd9f22e000 	C:\WINDOWS\System32\IMM32.DLL
0x00007ffd7eaf0000 - 0x00007ffd7eb9a000 	C:\Program Files\Java\jdk-12.0.2\bin\msvcp140.dll
0x00007ffd53f00000 - 0x00007ffd54a77000 	C:\Program Files\Java\jdk-12.0.2\bin\server\jvm.dll
0x00007ffd9ebc0000 - 0x00007ffd9ebc8000 	C:\WINDOWS\System32\PSAPI.DLL
0x00007ffd99f60000 - 0x00007ffd99f84000 	C:\WINDOWS\SYSTEM32\WINMM.dll
0x00007ffd87420000 - 0x00007ffd87429000 	C:\WINDOWS\SYSTEM32\WSOCK32.dll
0x00007ffd9f190000 - 0x00007ffd9f1ff000 	C:\WINDOWS\System32\WS2_32.dll
0x00007ffd99f30000 - 0x00007ffd99f5d000 	C:\WINDOWS\SYSTEM32\winmmbase.dll
0x00007ffd9d510000 - 0x00007ffd9d55a000 	C:\WINDOWS\System32\cfgmgr32.dll
0x00007ffd9d250000 - 0x00007ffd9d261000 	C:\WINDOWS\System32\kernel.appcore.dll
0x00007ffd9a950000 - 0x00007ffd9a961000 	C:\Program Files\Java\jdk-12.0.2\bin\verify.dll
0x00007ffd8af20000 - 0x00007ffd8b114000 	C:\WINDOWS\SYSTEM32\DBGHELP.DLL
0x00007ffd8ad50000 - 0x00007ffd8ad7a000 	C:\WINDOWS\SYSTEM32\dbgcore.DLL
0x00007ffd99a50000 - 0x00007ffd99a76000 	C:\Program Files\Java\jdk-12.0.2\bin\java.dll
0x00007ffd99c40000 - 0x00007ffd99c57000 	C:\Program Files\Java\jdk-12.0.2\bin\zip.dll
0x00007ffd9a940000 - 0x00007ffd9a94a000 	C:\Program Files\Java\jdk-12.0.2\bin\jimage.dll
0x00007ffd9e390000 - 0x00007ffd9ea76000 	C:\WINDOWS\System32\SHELL32.dll
0x00007ffd9f430000 - 0x00007ffd9f4d9000 	C:\WINDOWS\System32\shcore.dll
0x00007ffd9dc10000 - 0x00007ffd9e390000 	C:\WINDOWS\System32\windows.storage.dll
0x00007ffd9d1d0000 - 0x00007ffd9d1f3000 	C:\WINDOWS\System32\profapi.dll
0x00007ffd9d200000 - 0x00007ffd9d24a000 	C:\WINDOWS\System32\powrprof.dll
0x00007ffd9d1a0000 - 0x00007ffd9d1b0000 	C:\WINDOWS\System32\UMPDC.dll
0x00007ffd9f300000 - 0x00007ffd9f352000 	C:\WINDOWS\System32\shlwapi.dll
0x00007ffd9d4c0000 - 0x00007ffd9d4d7000 	C:\WINDOWS\System32\cryptsp.dll
0x00007ffd98cd0000 - 0x00007ffd98ce9000 	C:\Program Files\Java\jdk-12.0.2\bin\net.dll
0x00007ffd927e0000 - 0x00007ffd928d0000 	C:\WINDOWS\SYSTEM32\WINHTTP.dll
0x00007ffd8ee80000 - 0x00007ffd8f056000 	C:\WINDOWS\SYSTEM32\urlmon.dll
0x00007ffd8fce0000 - 0x00007ffd8ff86000 	C:\WINDOWS\SYSTEM32\iertutil.dll
0x00007ffd9cbe0000 - 0x00007ffd9cbec000 	C:\WINDOWS\SYSTEM32\CRYPTBASE.DLL
0x00007ffd9ca10000 - 0x00007ffd9ca77000 	C:\WINDOWS\system32\mswsock.dll
0x00007ffd98cb0000 - 0x00007ffd98cc3000 	C:\Program Files\Java\jdk-12.0.2\bin\nio.dll
0x00007ffd95530000 - 0x00007ffd95556000 	C:\Users\mejia\.gradle\native\30\windows-amd64\native-platform.dll
0x00007ffd9a8e0000 - 0x00007ffd9a8e9000 	C:\Program Files\Java\jdk-12.0.2\bin\management.dll
0x00007ffd9a880000 - 0x00007ffd9a88c000 	C:\Program Files\Java\jdk-12.0.2\bin\management_ext.dll
0x00007ffd9c520000 - 0x00007ffd9c553000 	C:\WINDOWS\system32\rsaenh.dll
0x00007ffd9d4e0000 - 0x00007ffd9d506000 	C:\WINDOWS\System32\bcrypt.dll
0x00007ffd9d0c0000 - 0x00007ffd9d0e5000 	C:\WINDOWS\SYSTEM32\USERENV.dll
0x00007ffd9c6c0000 - 0x00007ffd9c6fa000 	C:\WINDOWS\SYSTEM32\IPHLPAPI.DLL
0x00007ffd9ebd0000 - 0x00007ffd9ebd8000 	C:\WINDOWS\System32\NSI.dll
0x00007ffd93c60000 - 0x00007ffd93c76000 	C:\WINDOWS\SYSTEM32\dhcpcsvc6.DLL
0x00007ffd93c40000 - 0x00007ffd93c5c000 	C:\WINDOWS\SYSTEM32\dhcpcsvc.DLL
0x00007ffd9c700000 - 0x00007ffd9c7cb000 	C:\WINDOWS\SYSTEM32\DNSAPI.dll
0x00007ffd860f0000 - 0x00007ffd86117000 	C:\Program Files\Java\jdk-12.0.2\bin\sunec.dll
0x00007ffd94a80000 - 0x00007ffd94a8a000 	C:\Windows\System32\rasadhlp.dll
0x00007ffd93b30000 - 0x00007ffd93ba7000 	C:\WINDOWS\System32\fwpuclnt.dll
0x00007ffd99a20000 - 0x00007ffd99a2e000 	C:\Program Files\Java\jdk-12.0.2\bin\sunmscapi.dll
0x00007ffd9d270000 - 0x00007ffd9d3b9000 	C:\WINDOWS\System32\CRYPT32.dll
0x00007ffd9d1b0000 - 0x00007ffd9d1c2000 	C:\WINDOWS\System32\MSASN1.dll
0x00007ffd9cce0000 - 0x00007ffd9cd06000 	C:\WINDOWS\SYSTEM32\ncrypt.dll
0x00007ffd9cca0000 - 0x00007ffd9ccdb000 	C:\WINDOWS\SYSTEM32\NTASN1.dll

dbghelp: loaded successfully - version: 4.0.5 - missing functions: none
symbol engine: initialized successfully - sym options: 0x614 - pdb path: .;C:\Program Files\Java\jdk-12.0.2\bin;C:\WINDOWS\SYSTEM32;C:\WINDOWS\WinSxS\amd64_microsoft.windows.common-controls_6595b64144ccf1df_6.0.18362.900_none_e6beb9d913147d17;C:\Program Files\Java\jdk-12.0.2\bin\server;C:\Users\mejia\.gradle\native\30\windows-amd64

VM Arguments:
jvm_args: --add-opens=java.base/java.util=ALL-UNNAMED --add-opens=java.base/java.lang=ALL-UNNAMED --add-opens=java.base/java.lang.invoke=ALL-UNNAMED --add-opens=java.prefs/java.util.prefs=ALL-UNNAMED -XX:MaxMetaspaceSize=256m -XX:+HeapDumpOnOutOfMemoryError -Xms256m -Xmx512m -Dfile.encoding=windows-1252 -Duser.country=CO -Duser.language=es -Duser.variant 
java_command: org.gradle.launcher.daemon.bootstrap.GradleDaemon 6.0.1
java_class_path (initial): C:\Users\mejia\.gradle\wrapper\dists\gradle-6.0.1-all\99d3u8wxs16ndehh90lbbir67\gradle-6.0.1\lib\gradle-launcher-6.0.1.jar
Launcher Type: SUN_STANDARD

[Global flags]
     intx CICompilerCount                          = 3                                         {product} {ergonomic}
   size_t CompressedClassSpaceSize                 = 260046848                                 {product} {ergonomic}
     uint ConcGCThreads                            = 1                                         {product} {ergonomic}
     uint G1ConcRefinementThreads                  = 4                                         {product} {ergonomic}
   size_t G1HeapRegionSize                         = 1048576                                   {product} {ergonomic}
    uintx GCDrainStackTargetSize                   = 64                                        {product} {ergonomic}
     bool HeapDumpOnOutOfMemoryError               = true                                   {manageable} {command line}
   size_t InitialHeapSize                          = 268435456                                 {product} {command line}
   size_t MarkStackSize                            = 4194304                                   {product} {ergonomic}
   size_t MaxHeapSize                              = 536870912                                 {product} {command line}
   size_t MaxMetaspaceSize                         = 268435456                                 {product} {command line}
   size_t MaxNewSize                               = 321912832                                 {product} {ergonomic}
   size_t MinHeapDeltaBytes                        = 1048576                                   {product} {ergonomic}
    uintx NonNMethodCodeHeapSize                   = 5830732                                {pd product} {ergonomic}
    uintx NonProfiledCodeHeapSize                  = 122913754                              {pd product} {ergonomic}
    uintx ProfiledCodeHeapSize                     = 122913754                              {pd product} {ergonomic}
    uintx ReservedCodeCacheSize                    = 251658240                              {pd product} {ergonomic}
     bool SegmentedCodeCache                       = true                                      {product} {ergonomic}
     bool UseCompressedClassPointers               = true                                 {lp64_product} {ergonomic}
     bool UseCompressedOops                        = true                                 {lp64_product} {ergonomic}
     bool UseG1GC                                  = true                                      {product} {ergonomic}
     bool UseLargePagesIndividualAllocation        = false                                  {pd product} {ergonomic}

Logging:
Log output configuration:
 #0: stdout all=warning uptime,level,tags
 #1: stderr all=off uptime,level,tags

Environment Variables:
JAVA_HOME=C:\Program Files\Java\jdk-12.0.2
CLASSPATH=C:\Users\mejia\Documents\RNProjects\palmercao\android\\gradle\wrapper\gradle-wrapper.jar
PATH=C:\Python27\;C:\Python27\Scripts;C:\Program Files\Java\jdk-12.0.2\bin;C:\WINDOWS\system32;C:\WINDOWS;C:\WINDOWS\System32\Wbem;C:\WINDOWS\System32\WindowsPowerShell\v1.0\;C:\WINDOWS\System32\OpenSSH\;C:\ProgramData\chocolatey\bin;C:\xampp\php;C:\Program Files\Git\cmd;C:\Program Files\nodejs\;C:\ProgramData\ComposerSetup\bin;C:\Program Files (x86)\Yarn\bin\;C:\Program Files\PuTTY\;C:\Program Files\Microsoft SQL Server\Client SDK\ODBC\170\Tools\Binn\;C:\Program Files (x86)\Microsoft SQL Server\150\Tools\Binn\;C:\Program Files\Microsoft SQL Server\150\Tools\Binn\;C:\Program Files\Microsoft SQL Server\150\DTS\Binn\;C:\Program Files (x86)\Microsoft SQL Server\150\DTS\Binn\;C:\opt\apache-maven-3.6.3\bin;C:\HashiCorp\Vagrant\bin;C:\Program Files\Amazon\AWSCLIV2\;C:\Program Files (x86)\Google\Cloud SDK\google-cloud-sdk\bin;C:\Program Files\MySQL\MySQL Shell 8.0\bin\;C:\Users\mejia\AppData\Local\Microsoft\WindowsApps;C:\Users\mejia\AppData\Local\Programs\Microsoft VS Code\bin;C:\Users\mejia\AppData\Local\Android\Sdk\platform-tools;C:\Program Files\heroku\bin;C:\Users\mejia\AppData\Local\GitHubDesktop\bin;C:\Users\mejia\AppData\Roaming\npm;C:\Users\mejia\AppData\Roaming\Composer\vendor\bin;C:\Program Files (x86)\Nmap;C:\Users\mejia\AppData\Local\Yarn\bin;C:\Users\mejia\AppData\Local\atom\bin
USERNAME=mejia
OS=Windows_NT
PROCESSOR_IDENTIFIER=AMD64 Family 23 Model 17 Stepping 0, AuthenticAMD



---------------  S Y S T E M  ---------------

OS: Windows 10 , 64 bit Build 18362 (10.0.18362.900)

CPU:total 4 (initial active 4) (4 cores per cpu, 2 threads per core) family 23 model 17 stepping 0, cmov, cx8, fxsr, mmx, sse, sse2, sse3, ssse3, sse4.1, sse4.2, popcnt, avx, avx2, aes, clmul, mmxext, 3dnowpref, lzcnt, sse4a, ht, tsc, tscinvbit, tscinv, bmi1, bmi2, adx, sha, fma

Memory: 4k page, system-wide physical 7124M (677M free)
TotalPageFile size 11220M (AvailPageFile size 5M)
current process WorkingSet (physical memory assigned to process): 636M, peak: 636M
current process commit charge ("private bytes"): 671M, peak: 789M

vm_info: Java HotSpot(TM) 64-Bit Server VM (12.0.2+10) for windows-amd64 JRE (12.0.2+10), built on Jul 16 2019 01:56:17 by "mach5one" with MS VC++ 15.5 (VS2017)

END.
